1574517107000,40,42,76,121,47
1574517109000,38,46,79,116,42
1574517110000,44,40,79,119,48
1574517111000,49,42,81,121,46
1574517113000,45,41,77,110,48
1574517114000,46,40,70,114,48
1574517116000,47,37,73,120,43
1574517117000,42,46,76,111,44
1574517119000,43,45,79,109,44
1574517120000,42,42,75,125,46
1574517121000,37,38,76,109,44
1574517123000,46,42,72,110,47
1574517124000,49,42,76,106,44
1574517126000,44,49,80,110,45
1574517127000,40,45,80,123,45
1574517128000,49,40,80,109,44
1574517130000,45,42,79,117,44
1574517131000,45,42,80,119,46
1574517133000,43,43,69,115,41
1574517134000,46,45,82,112,46
1574517135000,43,41,76,118,41
1574517137000,40,46,73,115,44
1574517138000,42,42,75,118,44
1574517140000,44,43,82,125,45
1574517141000,39,42,80,113,44
1574517142000,42,38,74,117,46
1574517144000,42,42,80,118,45
1574517145000,39,36,76,125,43
1574517147000,45,41,77,122,45
1574517148000,48,40,78,118,46
1574517150000,43,43,74,118,46
1574517151000,43,41,78,117,47
1574517152000,43,41,77,116,48
1574517154000,46,43,73,123,48
1574517155000,41,42,72,128,42
1574517157000,47,44,78,115,45
1574517158000,49,42,82,123,46
1574517159000,44,43,82,122,44
1574517161000,40,38,80,118,43
1574517162000,39,41,73,121,49
1574517164000,47,43,79,123,42
1574517165000,44,41,67,120,46
1574517166000,49,47,77,110,44
1574517168000,43,37,79,112,45
1574517169000,43,37,80,112,49
1574517171000,46,42,82,113,47
1574517172000,44,37,70,119,42
1574517174000,45,38,81,112,48
1574517175000,48,43,77,119,45
1574517176000,46,49,79,110,42
1574517178000,45,41,79,116,47
1574517179000,46,40,74,114,47
1574517181000,47,43,76,121,42
1574517182000,43,41,77,114,41
1574517183000,42,41,74,117,45
1574517185000,47,36,80,115,50
1574517186000,43,42,82,119,42
1574517188000,44,44,74,113,41
1574517189000,43,46,74,118,44
1574517190000,42,43,79,113,44
1574517192000,39,37,75,120,43
1574517193000,42,42,75,121,42
1574517195000,40,42,76,111,47
1574517196000,38,39,84,117,45
1574517198000,42,42,81,111,43
1574517199000,43,40,77,123,42
1574517200000,46,42,81,116,47
1574517202000,42,47,77,110,44
1574517203000,43,41,76,112,40
1574517205000,45,41,85,126,41
1574517206000,45,46,75,115,45
1574517207000,41,44,74,115,48
1574517209000,40,45,72,121,42
1574517210000,44,42,77,104,42
1574517212000,43,39,79,114,38
1574517213000,45,44,82,119,43
1574517214000,39,47,76,113,42
1574517216000,42,39,69,120,44
1574517217000,47,40,85,122,42
1574517219000,48,34,80,121,47
1574517220000,43,42,81,112,44
1574517222000,47,41,71,116,41
1574517223000,46,44,75,113,45
1574517224000,48,45,79,113,49
1574517226000,45,46,82,117,43
1574517227000,45,42,79,110,47
1574517229000,41,40,78,120,42
1574517230000,45,41,75,113,40
1574517231000,43,41,76,118,44
1574517233000,40,41,79,119,45
1574517234000,42,49,73,115,45
1574517236000,42,43,82,121,45
1574517237000,49,42,73,121,51
1574517238000,40,40,78,114,45
1574517240000,49,41,83,118,45
1574517241000,43,44,83,116,44
1574517243000,47,43,80,115,44
1574517244000,44,47,79,113,46
1574517245000,42,43,72,120,48
1574517247000,50,43,79,108,47
1574517248000,43,41,81,116,44
1574517250000,42,41,77,115,45
1574517251000,48,45,81,121,45
1574517253000,47,46,80,112,43
1574517254000,43,40,79,115,43
1574517255000,42,44,82,118,43
1574517257000,42,42,76,118,43
1574517258000,45,41,75,112,43
1574517260000,45,43,80,118,42
1574517261000,52,39,76,117,45
1574517262000,44,46,79,127,47
1574517264000,44,42,80,123,40
1574517265000,45,40,83,123,41
1574517267000,51,36,80,119,40
1574517268000,46,41,77,116,48
1574517269000,43,41,80,117,48
1574517271000,46,47,77,114,44
1574517272000,47,42,72,111,47
1574517274000,45,39,83,119,44
1574517275000,43,40,74,126,40
1574517277000,45,41,78,118,51
1574517278000,49,41,76,121,44
1574517279000,46,45,77,119,42
1574517281000,41,41,78,120,43
1574517282000,43,43,87,116,44
1574517284000,48,43,81,117,45
1574517285000,42,41,80,120,46
1574517286000,43,46,80,104,51
1574517288000,45,42,76,120,46
1574517289000,41,42,79,121,44
1574517291000,40,41,80,123,45
1574517292000,45,43,75,112,45
1574517293000,45,44,80,121,48
1574517295000,43,45,83,118,45
1574517296000,45,46,78,115,41
1574517298000,46,41,75,119,41
1574517299000,45,43,71,120,42
1574517301000,41,41,80,121,47
1574517302000,42,42,80,117,42
1574517303000,43,41,78,121,45
1574517305000,48,42,81,116,42
1574517306000,43,38,77,120,45
1574517308000,45,44,75,117,45
1574517309000,42,39,82,115,46
1574517310000,44,45,76,115,50
1574517312000,44,44,78,120,51
1574517313000,48,42,79,116,48
1574517315000,41,42,79,117,41
1574517316000,41,47,77,116,44
1574517317000,44,44,79,120,47
1574517319000,44,41,79,120,51
1574517320000,45,43,82,114,47
1574517322000,43,42,78,122,41
1574517323000,39,41,80,125,45
1574517325000,47,43,77,116,47
1574517326000,42,41,79,120,52
1574517327000,48,42,79,122,44
1574517329000,47,44,84,124,40
1574517330000,46,45,83,118,48
1574517332000,44,41,80,118,48
1574517333000,46,42,82,119,47
1574517334000,44,41,76,115,42
1574517336000,45,43,77,119,42
1574517337000,50,40,86,113,44
1574517339000,46,40,85,119,49
1574517340000,45,44,76,118,49
1574517341000,49,41,74,123,45
1574517343000,43,43,80,121,44
1574517344000,40,45,73,112,43
1574517346000,45,44,84,116,39
1574517347000,46,46,76,115,45
1574517348000,44,43,78,119,47
1574517350000,40,43,81,118,44
1574517351000,46,42,79,119,43
1574517353000,43,50,75,114,44
1574517354000,45,44,75,123,45
1574517356000,43,41,83,123,45
1574517357000,42,39,78,114,41
1574517358000,40,41,80,116,43
1574517360000,48,41,79,113,44
1574517361000,45,40,79,117,44
1574517363000,43,41,78,117,47
1574517364000,44,47,79,118,44
1574517365000,46,42,85,119,50
1574517367000,43,42,76,131,45
1574517368000,46,40,72,124,45
1574517370000,42,41,76,116,39
1574517371000,41,43,78,123,44
1574517372000,36,37,84,119,40
1574517374000,44,42,78,124,46
1574517375000,44,41,77,120,43
1574517377000,43,42,85,118,41
1574517378000,42,40,78,119,46
1574517380000,48,41,77,125,44
1574517381000,45,36,79,120,43
1574517382000,44,41,74,120,49
1574517384000,43,44,81,117,48
1574517385000,42,39,79,118,45
1574517387000,40,42,83,122,46
1574517388000,42,44,77,127,51
1574517389000,41,43,77,110,48
1574517391000,45,40,80,121,45
1574517392000,43,42,79,126,42
1574517394000,44,45,75,127,42
1574517395000,40,38,81,113,44
1574517396000,44,44,80,117,45
1574517398000,39,44,74,124,48
1574517399000,45,41,79,115,45
1574517401000,44,45,87,122,45
1574517402000,44,45,79,118,41
1574517404000,49,46,81,123,47
1574517405000,44,44,79,118,42
1574517406000,43,42,84,121,40
1574517408000,42,43,77,112,40
1574517409000,44,41,79,114,49
1574517411000,39,39,80,120,46
1574517412000,46,40,79,123,47
1574517413000,49,43,79,124,43
1574517415000,45,44,75,119,44
1574517416000,41,41,80,120,46
1574517418000,41,40,93,116,46
1574517419000,38,50,77,116,43
1574517420000,45,43,79,120,45
1574517422000,39,41,78,116,44
1574517423000,48,37,81,121,40
1574517425000,44,42,77,119,43
1574517426000,40,41,77,120,47
1574517427000,44,41,76,127,47
1574517429000,44,41,79,122,46
1574517430000,43,40,80,123,47
1574517432000,47,38,85,124,46
1574517433000,43,43,80,117,46
1574517435000,44,41,82,115,45
1574517436000,46,44,78,110,47
1574517437000,42,38,69,116,38
1574517439000,44,42,77,115,40
1574517440000,41,41,81,118,45
1574517442000,43,41,72,128,43
1574517443000,46,40,77,116,44
1574517444000,43,42,82,122,42
1574517446000,43,42,80,123,46
1574517447000,38,45,81,122,45
1574517449000,45,41,79,117,43
1574517450000,41,46,78,116,42
1574517451000,43,43,80,114,47
1574517453000,44,41,74,124,39
1574517454000,44,38,82,117,40
1574517456000,45,45,80,122,42
1574517457000,43,41,81,126,38
1574517459000,49,46,85,126,48
1574517460000,42,43,75,121,47
1574517461000,42,41,77,119,46
1574517463000,42,42,88,119,47
1574517464000,45,43,82,122,45
1574517466000,42,39,84,118,46
1574517467000,45,43,82,112,45
1574517468000,48,43,84,120,39
1574517470000,43,48,79,127,49
1574517471000,35,43,81,114,47
1574517473000,42,37,80,118,43
1574517474000,42,38,85,121,45
1574517475000,40,42,81,124,44
1574517477000,40,40,82,123,45
1574517478000,44,44,79,125,50
1574517480000,43,42,81,116,45
1574517481000,45,40,76,123,42
1574517483000,48,42,88,122,42
1574517484000,48,42,80,120,46
1574517485000,41,44,77,121,42
1574517487000,41,40,81,119,44
1574517488000,47,43,83,121,48
1574517490000,45,45,84,121,44
1574517491000,43,44,73,116,51
1574517492000,46,39,80,120,45
1574517494000,42,37,73,121,46
1574517495000,43,44,81,123,42
1574517497000,41,44,81,121,43
1574517498000,45,41,85,115,46
1574517499000,42,44,73,117,44
1574517501000,41,40,79,114,44
1574517502000,45,43,84,119,44
1574517504000,42,42,78,118,42
1574517505000,45,39,76,125,45
1574517507000,44,38,78,134,44
1574517508000,45,42,80,128,42
1574517509000,41,41,79,131,44
1574517511000,48,39,79,121,51
1574517512000,49,39,80,126,43
1574517514000,39,42,81,122,40
1574517515000,41,47,78,121,45
1574517516000,40,40,78,120,40
1574517518000,39,46,78,129,48
1574517519000,43,41,84,120,44
1574517521000,45,39,82,120,43
1574517522000,40,41,82,124,45
1574517523000,47,42,79,119,46
1574517525000,45,43,80,120,48
1574517526000,43,41,83,116,41
1574517528000,47,42,76,121,47
1574517529000,42,42,77,118,47
1574517531000,44,40,80,131,44
1574517532000,42,42,81,119,42
1574517533000,43,44,86,119,43
1574517535000,42,45,78,126,45
1574517536000,44,43,81,119,44
1574517538000,44,43,88,119,49
1574517539000,41,40,76,116,45
1574517540000,46,43,76,119,45
1574517542000,41,40,78,115,42
1574517543000,45,40,82,122,48
1574517545000,45,40,86,120,43
1574517546000,47,40,79,122,46
1574517547000,43,37,78,122,41
1574517549000,43,43,78,117,48
1574517550000,45,39,82,132,46
1574517552000,42,41,82,122,45
1574517553000,45,37,86,114,49
1574517554000,46,40,83,112,44
1574517556000,41,40,85,123,46
1574517557000,46,44,77,118,46
1574517559000,40,45,78,113,43
1574517560000,50,38,77,117,43
1574517562000,46,44,82,123,44
1574517563000,41,40,81,115,43
1574517564000,39,40,79,122,46
1574517566000,47,45,75,124,40
1574517567000,45,41,78,124,42
1574517569000,45,42,84,125,42
1574517570000,43,44,84,120,38
1574517571000,45,43,79,116,46
1574517573000,45,43,78,131,44
1574517574000,43,46,77,130,44
1574517576000,41,42,81,111,42
1574517577000,44,37,82,116,41
1574517578000,40,43,77,126,41
1574517580000,45,42,83,118,50
1574517581000,42,42,76,128,42
1574517583000,42,42,85,119,44
1574517584000,41,42,85,122,45
1574517586000,43,46,80,118,45
1574517587000,48,42,85,125,44
1574517588000,43,39,84,121,45
1574517590000,44,46,81,121,45
1574517591000,43,41,77,122,44
1574517593000,46,41,79,118,43
1574517594000,49,47,75,128,43
1574517595000,36,41,81,126,41
1574517597000,44,45,78,122,44
1574517598000,44,42,87,124,40
1574517600000,46,44,79,120,43
1574517601000,43,43,79,125,46
1574517602000,47,44,80,116,47
1574517604000,45,45,76,127,40
1574517605000,45,37,79,121,43
1574517607000,42,39,86,131,41
1574517608000,43,42,77,120,47
1574517610000,46,41,80,126,44
1574517611000,45,39,78,119,42
1574517612000,45,44,78,125,43
1574517614000,47,45,75,124,43
1574517615000,46,40,79,122,43
1574517617000,38,46,76,129,44
1574517618000,39,40,79,132,44
1574517619000,40,47,79,121,42
1574517621000,42,39,80,124,43
1574517622000,44,44,88,129,47
1574517624000,45,40,84,125,41
1574517625000,50,42,81,120,47
1574517626000,47,39,85,125,50
1574517628000,46,43,82,113,38
1574517629000,44,42,78,121,42
1574517631000,47,43,77,124,45
1574517632000,42,41,81,122,45
1574517634000,42,37,90,119,46
1574517635000,42,47,81,114,45
1574517636000,42,42,86,119,49
1574517638000,46,41,79,123,42
1574517639000,45,43,85,123,42
1574517641000,45,39,74,122,46
1574517642000,42,40,80,125,41
1574517643000,50,46,79,119,41
1574517645000,45,47,79,118,45
1574517646000,44,39,85,125,42
1574517648000,43,40,88,124,44
1574517649000,43,47,81,121,48
1574517650000,48,42,77,122,42
1574517652000,40,39,79,126,44
1574517653000,47,43,84,125,45
1574517655000,46,45,80,119,40
1574517656000,43,42,86,122,50
1574517657000,43,42,75,124,40
1574517659000,46,47,77,122,48
1574517660000,42,44,79,118,44
1574517662000,45,44,83,121,44
1574517663000,43,38,84,124,42
1574517665000,43,36,81,118,51
1574517666000,48,45,80,133,43
1574517667000,40,41,83,129,46
1574517669000,40,39,78,127,46
1574517670000,47,43,81,125,48
1574517672000,47,48,86,126,44
1574517673000,44,46,84,123,42
1574517674000,45,45,79,123,41
1574517676000,44,36,79,120,43
1574517677000,49,43,82,120,45
1574517679000,42,42,85,117,42
1574517680000,44,42,78,114,44
1574517681000,42,43,80,123,49
1574517683000,52,45,85,124,44
1574517684000,47,36,80,126,42
1574517686000,44,39,80,125,47
1574517687000,41,45,80,120,43
1574517689000,41,45,83,118,43
1574517690000,35,40,80,121,43
1574517691000,39,41,80,124,44
1574517693000,47,45,87,122,43
1574517694000,39,43,81,121,40
1574517696000,47,42,78,122,43
1574517697000,45,44,83,131,44
1574517698000,43,47,74,118,42
1574517700000,46,43,86,122,44
1574517701000,44,42,78,115,41
1574517703000,42,46,82,129,44
1574517704000,52,41,78,124,42
1574517705000,45,39,76,125,46
1574517707000,39,42,77,124,45
1574517708000,40,39,81,122,43
1574517710000,46,43,82,125,43
1574517711000,43,41,78,124,39
1574517713000,42,46,84,124,39
1574517714000,43,38,88,122,47
1574517715000,40,45,82,123,45
1574517717000,47,45,81,112,43
1574517718000,43,40,81,122,49
1574517720000,47,43,79,120,39
1574517721000,47,46,88,125,43
1574517722000,40,38,84,124,40
1574517724000,43,45,82,126,42
1574517727000,44,40,79,119,48
1574517729000,44,38,83,124,44
1574517730000,43,45,79,117,48
1574517731000,44,44,87,124,41
1574517733000,46,40,82,125,42
1574517734000,43,44,75,116,44
1574517736000,42,42,85,127,47
1574517737000,42,46,81,111,42
1574517738000,42,44,81,121,42
1574517740000,45,39,80,130,44
1574517741000,43,46,75,119,43
1574517743000,38,37,79,119,44
1574517744000,42,41,83,129,40
1574517746000,46,43,81,122,50
1574517747000,41,45,79,120,42
1574517748000,39,43,87,127,42
1574517750000,42,41,82,124,46
1574517751000,45,43,80,131,48
1574517753000,47,46,81,121,39
1574517754000,44,44,88,126,39
1574517755000,41,42,86,122,41
1574517757000,42,47,76,121,44
1574517758000,42,37,83,131,47
1574517760000,42,40,79,124,40
1574517761000,42,43,85,114,41
1574517762000,46,43,82,119,43
1574517764000,45,40,81,117,44
1574517765000,46,44,81,122,49
1574517767000,47,46,84,123,42
1574517768000,40,42,79,126,47
1574517770000,46,46,83,121,42
1574517771000,40,43,81,123,44
1574517772000,48,41,82,114,42
1574517774000,44,39,79,120,44
1574517775000,41,42,77,122,43
1574517777000,48,38,80,123,42
1574517778000,41,43,74,128,40
1574517779000,41,44,79,123,47
1574517781000,43,44,82,116,43
1574517782000,42,42,87,118,41
1574517784000,46,42,85,119,50
1574517785000,51,40,79,127,43
1574517786000,47,43,79,132,49
1574517788000,46,44,79,126,40
1574517789000,41,45,84,129,45
1574517791000,39,41,78,123,45
1574517792000,41,41,80,127,43
1574517793000,42,44,80,125,46
1574517795000,44,43,77,116,43
1574517796000,41,43,81,124,47
1574517798000,46,40,82,121,45
1574517799000,43,40,86,118,44
1574517801000,47,43,83,123,43
1574517802000,43,41,82,124,47
1574517803000,43,46,81,119,44
1574517805000,39,39,81,121,52
1574517806000,42,41,89,124,42
1574517808000,45,39,85,112,45
1574517809000,44,39,83,115,42
1574517810000,46,45,80,128,43
1574517812000,45,39,77,121,47
1574517813000,42,43,83,127,45
1574517815000,43,46,86,129,45
1574517816000,44,41,84,123,41
1574517817000,42,46,79,126,45
1574517819000,44,45,78,125,43
1574517820000,46,37,80,130,45
1574517822000,48,40,82,121,45
1574517823000,44,45,85,121,44
1574517825000,45,45,75,126,44
1574517826000,44,44,81,119,46
1574517827000,40,42,81,128,45
1574517829000,46,39,78,119,49
1574517830000,45,38,81,125,46
1574517832000,47,38,83,131,45
1574517833000,45,42,84,121,43
1574517834000,44,43,80,125,45
1574517836000,46,43,77,120,42
1574517837000,39,39,82,121,49
1574517839000,44,42,86,122,40
1574517840000,40,39,72,120,40
1574517841000,41,42,81,123,42
1574517843000,44,43,79,123,42
1574517844000,44,42,82,123,45
1574517846000,47,38,88,128,43
1574517847000,45,41,88,123,47
1574517849000,46,46,75,121,49
1574517850000,44,39,80,121,49
1574517851000,43,41,82,121,46
1574517853000,46,43,79,126,47
1574517854000,41,44,80,128,42
1574517856000,49,40,87,126,46
1574517857000,44,39,86,121,43
1574517858000,43,43,77,120,44
1574517860000,46,45,78,120,47
1574517861000,45,42,83,122,43
1574517863000,48,44,80,120,40
1574517864000,45,42,81,128,50
1574517865000,46,42,81,132,46
1574517867000,41,43,85,121,44
1574517868000,45,46,76,124,41
1574517870000,37,42,77,129,49
1574517871000,47,40,82,120,42
1574517873000,45,39,89,125,46
1574517874000,44,43,89,117,50
1574517875000,48,42,81,129,45
1574517877000,48,44,83,122,42
1574517878000,38,47,81,127,48
1574517880000,44,41,80,122,45
1574517881000,45,45,82,123,45
1574517882000,47,42,77,124,43
1574517884000,41,38,74,127,46
1574517885000,44,37,83,126,43
1574517887000,44,43,76,127,48
1574517888000,42,43,77,125,42
1574517889000,41,42,79,125,45
1574517891000,42,39,80,128,41
1574517892000,43,42,85,123,45
1574517894000,45,41,87,114,45
1574517895000,44,44,78,122,48
1574517896000,40,45,81,124,46
1574517898000,41,46,83,127,41
1574517899000,44,41,83,124,46
1574517901000,41,39,83,128,46
1574517902000,44,41,87,115,45
1574517904000,43,42,75,129,46
1574517905000,41,45,81,125,47
1574517906000,42,40,75,127,44
1574517908000,44,38,86,125,44
1574517909000,40,41,83,121,48
1574517911000,48,43,76,132,45
1574517912000,44,49,83,122,42
1574517913000,43,40,79,124,45
1574517915000,43,39,80,122,47
1574517916000,46,40,84,120,39
1574517918000,44,47,81,125,45
1574517919000,46,42,83,123,45
1574517920000,40,43,79,126,42
1574517922000,45,46,75,119,47
1574517923000,46,40,81,128,42
1574517925000,41,39,81,121,41
1574517926000,46,42,83,121,47
1574517928000,40,47,84,123,44
1574517929000,40,45,83,129,42
1574517930000,41,40,85,119,47
1574517932000,46,43,83,122,44
1574517933000,44,42,82,123,44
1574517935000,39,46,75,121,46
1574517936000,42,45,80,121,41
1574517937000,45,43,86,118,48
1574517939000,42,42,85,127,46
1574517940000,45,47,84,122,47
1574517942000,41,39,83,123,44
1574517943000,45,49,83,130,42
1574517944000,42,40,82,121,40
1574517946000,41,43,76,130,44
1574517947000,43,41,81,117,41
1574517949000,40,44,79,131,51
1574517950000,46,43,83,128,44
1574517952000,41,37,87,123,42
1574517953000,43,41,84,125,42
1574517954000,45,46,77,123,46
1574517956000,37,40,77,117,46
1574517957000,40,41,89,123,42
1574517959000,43,42,80,122,49
1574517960000,47,44,85,124,45
1574517961000,47,46,86,126,46
1574517963000,40,41,83,127,42
1574517964000,44,40,80,126,49
1574517966000,39,41,84,134,40
1574517967000,47,40,76,130,46
1574517968000,46,39,77,132,43
1574517970000,46,41,85,124,43
1574517971000,44,38,77,125,45
1574517973000,36,39,82,126,45
1574517974000,38,42,79,122,40
1574517976000,40,49,77,123,41
1574517977000,44,45,83,130,45
1574517978000,44,43,82,120,47
1574517980000,42,42,73,123,45
1574517981000,44,44,85,125,40
1574517983000,48,43,81,124,44
1574517984000,44,44,78,125,44
1574517985000,43,38,79,124,44
1574517987000,46,43,87,125,46
1574517988000,42,42,80,119,44
1574517990000,43,39,90,131,41
1574517991000,45,42,86,130,41
1574517992000,43,42,93,125,43
1574517994000,41,43,87,122,43
1574517995000,45,39,81,129,46
1574517997000,38,44,85,127,46
1574517998000,49,40,77,125,46
1574517999000,40,46,86,121,46
1574518001000,45,40,81,121,42
1574518002000,42,42,86,125,38
1574518004000,42,44,88,121,41
1574518005000,45,41,79,120,42
1574518007000,40,37,85,127,43
1574518008000,42,44,86,122,50
1574518009000,40,41,76,124,45
1574518011000,40,41,88,125,45
1574518012000,44,41,84,122,40
1574518014000,41,41,83,119,45
1574518015000,44,40,82,127,42
1574518016000,46,47,76,124,42
1574518018000,41,40,82,127,46
1574518019000,43,41,84,132,43
1574518021000,49,41,84,129,44
1574518022000,42,40,82,123,52
1574518023000,40,46,79,126,47
1574518025000,47,43,80,132,43
1574518026000,41,44,87,121,46
1574518028000,41,43,86,118,46
1574518029000,41,46,82,121,49
1574518031000,43,41,77,124,47
1574518032000,43,43,87,125,43
1574518033000,41,44,82,118,44
1574518035000,41,44,75,122,49
1574518036000,44,45,78,123,46
1574518038000,42,43,88,118,42
1574518039000,40,43,84,127,44
1574518040000,45,42,75,135,46
1574518042000,43,39,86,127,44
1574518043000,41,43,83,121,37
1574518045000,43,43,82,136,45
1574518046000,43,48,83,121,43
1574518047000,45,40,82,126,44
1574518049000,39,38,84,127,45
1574518050000,42,41,84,131,46
1574518052000,43,43,89,122,46
1574518053000,43,44,86,119,39
1574518055000,45,45,81,133,48
1574518056000,42,41,79,115,46
1574518057000,41,46,82,122,42
1574518059000,45,38,81,123,48
1574518060000,43,42,76,123,41
1574518062000,43,43,84,123,47
1574518063000,44,43,84,128,46
1574518064000,45,40,80,125,42
1574518066000,43,45,84,129,44
1574518067000,46,41,81,121,46
1574518069000,39,42,88,130,48
1574518070000,43,41,84,118,39
1574518071000,42,42,89,118,44
1574518073000,40,43,81,119,46
1574518074000,41,46,88,132,46
1574518076000,45,43,82,126,47
1574518077000,45,44,83,128,46
1574518078000,49,46,84,119,48
1574518080000,41,42,82,123,41
1574518081000,37,42,82,135,42
1574518083000,45,41,79,126,45
1574518084000,49,43,86,127,47
1574518086000,47,45,77,121,40
1574518087000,41,39,77,114,47
1574518088000,47,41,79,117,51
1574518090000,43,36,81,116,42
1574518091000,41,41,85,119,46
1574518093000,46,44,87,128,46
1574518094000,41,45,84,123,43
1574518095000,46,43,89,122,44
1574518097000,44,41,82,124,43
1574518098000,46,44,80,128,44
1574518100000,48,41,81,121,46
1574518101000,43,43,78,126,51
1574518102000,44,40,85,136,48
1574518104000,47,43,83,128,45
1574518105000,45,40,80,122,45
1574518107000,45,40,78,123,40
1574518108000,39,45,87,126,42
1574518110000,46,41,86,118,42
1574518111000,40,46,84,118,44
1574518112000,45,42,82,128,44
1574518114000,34,41,84,130,47
1574518115000,48,41,78,123,44
1574518117000,42,40,79,135,47
1574518118000,41,42,80,126,44
1574518119000,41,39,84,131,47
1574518121000,42,43,81,128,45
1574518122000,43,44,89,123,44
1574518124000,44,43,83,120,45
1574518125000,42,43,83,125,42
1574518126000,42,41,82,129,46
1574518128000,42,38,87,122,40
1574518129000,40,42,78,127,40
1574518131000,44,46,84,128,46
1574518132000,43,39,83,125,39
1574518134000,43,44,83,125,48
1574518135000,46,46,86,129,47
1574518136000,46,42,83,123,48
1574518138000,38,41,76,123,45
1574518139000,49,42,86,121,47
1574518141000,46,41,85,124,47
1574518142000,50,42,84,124,46
1574518143000,40,43,92,126,44
1574518145000,41,40,82,121,42
1574518146000,43,45,82,124,47
1574518148000,51,44,89,120,45
1574518149000,43,44,85,123,42
1574518150000,43,44,83,124,44
1574518152000,41,41,76,124,49
1574518153000,46,44,81,123,43
1574518155000,42,46,82,130,45
1574518156000,41,38,84,126,46
1574518158000,46,41,84,125,41
1574518159000,41,43,87,137,45
1574518160000,46,39,86,128,42
1574518162000,42,42,87,126,44
1574518163000,45,49,86,124,47
1574518165000,41,45,83,125,47
1574518166000,45,39,85,129,45
1574518167000,42,41,84,124,48
1574518169000,43,38,80,113,43
1574518170000,44,40,79,128,43
1574518172000,45,40,86,127,49
1574518173000,43,41,85,120,42
1574518174000,45,43,80,123,47
1574518176000,49,46,80,123,42
1574518177000,43,44,78,122,42
1574518179000,41,41,90,131,47
1574518180000,42,43,79,129,44
1574518182000,44,41,86,131,50
1574518183000,46,41,82,122,43
1574518184000,46,34,80,120,50
1574518186000,42,40,83,122,45
1574518187000,44,42,80,127,43
1574518189000,44,41,82,117,45
1574518190000,40,40,89,126,44
1574518191000,42,43,81,119,46
1574518193000,44,44,86,132,43
1574518194000,42,42,82,123,46
1574518196000,46,42,77,125,49
1574518197000,43,44,75,122,44
1574518198000,45,43,86,120,41
1574518200000,40,42,75,123,42
1574518201000,40,40,89,132,46
1574518203000,45,45,87,130,47
1574518204000,46,42,83,129,44
1574518205000,44,39,79,126,49
1574518207000,41,45,81,120,43
1574518208000,46,46,86,129,46
1574518210000,46,38,80,122,43
1574518211000,46,39,82,130,51
1574518213000,43,38,82,118,47
1574518214000,45,45,83,125,45
1574518215000,40,44,88,128,42
1574518217000,39,44,81,118,42
1574518218000,40,41,83,112,48
1574518220000,41,45,81,119,48
1574518221000,43,45,83,120,46
1574518222000,40,33,81,125,44
1574518224000,47,41,87,129,49
1574518225000,42,40,81,125,40
1574518227000,42,40,83,127,46
1574518228000,42,43,87,117,41
1574518229000,41,43,79,132,45
1574518231000,44,40,86,125,47
1574518232000,47,39,86,128,41
1574518234000,45,38,81,119,47
1574518235000,44,42,83,124,42
1574518237000,39,40,84,123,47
1574518238000,40,43,84,118,45
1574518239000,42,39,81,126,45
1574518241000,39,39,89,122,43
1574518242000,42,41,88,132,47
1574518244000,46,42,83,126,44
1574518245000,41,41,84,128,41
1574518246000,44,41,81,122,44
1574518248000,43,46,85,135,48
1574518249000,43,40,86,125,43
1574518251000,42,48,79,129,47
1574518252000,44,43,83,124,39
1574518253000,43,42,84,125,48
1574518255000,46,41,81,124,43
1574518256000,41,39,88,130,41
1574518258000,49,45,83,128,46
1574518259000,43,46,82,128,45
1574518261000,45,44,83,125,50
1574518262000,45,42,82,127,43
1574518263000,45,39,82,125,41
1574518265000,40,38,84,123,43
1574518266000,45,40,89,130,39
1574518268000,46,40,85,123,50
1574518269000,43,40,89,127,41
1574518270000,44,43,88,121,46
1574518272000,38,48,85,122,44
1574518273000,42,41,88,123,43
1574518275000,44,40,85,126,45
1574518276000,45,46,83,127,49
1574518277000,41,46,89,131,42
1574518279000,44,43,89,134,46
1574518280000,46,43,81,130,43
1574518282000,42,41,85,127,46
1574518283000,47,46,93,125,42
1574518285000,47,39,81,129,40
1574518286000,43,46,81,130,43
1574518287000,41,43,82,126,44
1574518289000,41,42,84,124,40
1574518290000,43,42,81,130,49
1574518292000,45,44,79,128,47
1574518293000,45,43,81,124,48
1574518294000,47,46,80,122,48
1574518296000,48,43,84,129,47
1574518297000,45,41,84,127,44
1574518299000,43,43,86,128,45
1574518300000,43,42,82,125,44
1574518301000,47,42,84,124,43
1574518303000,45,38,85,126,47
1574518304000,39,40,83,125,42
1574518306000,47,41,85,126,47
1574518307000,40,42,83,127,42
1574518308000,46,45,85,124,46
1574518310000,46,44,83,121,45
1574518311000,46,43,93,128,43
1574518313000,45,46,84,133,44
1574518314000,42,45,85,129,44
1574518316000,51,35,82,124,42
1574518317000,47,40,81,124,45
1574518318000,42,41,83,128,42
1574518320000,42,42,86,121,44
1574518321000,42,44,80,131,44
1574518323000,39,45,79,125,47
1574518324000,42,42,85,123,45
1574518325000,47,47,89,125,45
1574518327000,48,44,84,122,44
1574518328000,48,42,90,132,45
1574518330000,43,41,83,131,46
1574518331000,45,42,89,131,43
1574518332000,42,42,84,128,44
1574518334000,47,36,81,120,46
1574518335000,46,42,85,126,45
1574518337000,49,44,87,125,45
1574518338000,47,41,84,123,44
1574518340000,47,44,86,123,42
1574518341000,43,37,82,128,49
1574518342000,44,45,82,120,41
1574518344000,48,42,82,129,49
1574518345000,35,39,80,126,46
1574518347000,37,43,82,132,42
1574518348000,42,45,85,124,47
1574518349000,40,44,83,129,45
1574518351000,41,43,87,127,42
1574518352000,46,44,81,118,37
1574518354000,44,44,81,124,47
1574518355000,43,44,77,117,47
1574518356000,40,37,88,133,41
1574518358000,43,43,81,126,44
1574518359000,40,44,87,125,45
1574518361000,48,41,84,126,46
1574518362000,43,40,81,128,41
1574518364000,43,38,83,118,50
1574518365000,43,41,80,124,47
1574518366000,43,42,84,123,45
1574518368000,40,41,84,123,45
1574518369000,46,38,87,129,43
1574518371000,44,45,86,126,46
1574518372000,47,39,86,122,37
1574518373000,45,50,86,124,44
1574518375000,45,43,86,123,44
1574518376000,40,41,83,118,46
1574518378000,42,47,81,122,40
1574518379000,42,41,85,131,43
1574518380000,41,41,91,118,48
1574518382000,46,45,87,123,42
1574518383000,45,37,85,121,43
1574518385000,45,40,86,123,41
1574518386000,46,41,89,118,48
1574518387000,42,43,86,128,43
1574518389000,39,44,81,122,45
1574518390000,44,38,83,123,48
1574518392000,38,42,83,128,43
1574518393000,46,41,87,126,43
1574518395000,45,41,84,121,47
1574518396000,45,41,86,127,45
1574518397000,47,40,78,119,44
1574518399000,45,42,89,127,44
1574518400000,45,44,84,124,49
1574518402000,42,42,81,131,53
1574518403000,48,37,86,128,45
1574518404000,40,40,87,122,44
1574518406000,38,42,84,119,43
1574518407000,44,45,85,122,46
1574518409000,47,41,85,123,47
1574518410000,49,47,87,124,40
1574518411000,44,39,78,128,42
1574518413000,43,41,84,128,44
1574518414000,49,42,90,128,44
1574518416000,46,42,85,126,44
1574518417000,44,38,83,125,48
1574518419000,40,42,86,123,42
1574518420000,46,40,80,135,45
1574518421000,46,45,86,116,46
1574518423000,39,39,83,121,43
1574518424000,47,46,82,133,44
1574518426000,45,41,79,132,43
1574518427000,46,41,83,129,46
1574518428000,43,46,84,132,44
1574518430000,41,44,86,125,36
1574518431000,47,45,91,121,44
1574518433000,42,47,78,120,47
1574518434000,43,40,88,125,45
1574518435000,41,39,82,124,43
1574518437000,44,44,81,122,45
1574518438000,40,44,85,132,47
1574518440000,41,38,85,131,43
1574518441000,46,45,87,133,46
1574518443000,47,45,86,121,49
1574518449000,44,38,80,124,46
1574518450000,49,43,81,129,44
1574518452000,47,41,81,128,43
1574518453000,39,43,80,128,43
1574518455000,44,44,84,130,50
1574518456000,37,43,84,129,44
1574518457000,40,41,79,131,44
1574518459000,46,40,83,130,47
1574518460000,44,40,84,125,53
1574518462000,40,46,86,129,45
1574518463000,42,43,85,122,42
1574518465000,48,45,91,127,42
1574518466000,48,39,79,133,45
1574518467000,36,42,79,128,47
1574518469000,42,42,76,133,45
1574518470000,42,40,76,128,45
1574518472000,40,42,86,130,44
1574518473000,42,46,85,117,41
1574518474000,39,40,89,128,42
1574518476000,43,44,86,120,42
1574518477000,46,42,80,125,48
1574518479000,46,38,83,125,48
1574518480000,42,43,89,123,44
1574518481000,45,41,88,131,47
1574518483000,40,42,82,131,43
1574518484000,42,44,83,127,41
1574518486000,41,43,83,122,46
1574518487000,40,41,79,128,45
1574518488000,37,39,77,128,45
1574518490000,42,44,81,120,42
1574518491000,43,40,82,126,48
1574518493000,46,47,86,131,43
1574518494000,44,39,80,127,45
1574518496000,44,49,84,137,47
1574518497000,41,41,85,125,48
1574518498000,45,42,83,131,46
1574518500000,44,41,84,124,43
1574518501000,44,38,80,127,46
1574518503000,41,41,83,120,45
1574518504000,46,41,81,124,43
1574518505000,43,45,82,123,44
1574518507000,46,39,86,129,47
1574518508000,40,40,82,134,42
1574518510000,45,42,87,139,44
1574518511000,42,41,86,123,44
1574518512000,41,45,84,120,43
1574518514000,44,43,83,130,47
1574518515000,44,44,86,132,39
1574518517000,45,43,87,129,45
1574518518000,42,41,83,129,42
1574518520000,47,37,82,135,45
1574518521000,46,43,89,126,45
1574518522000,42,42,82,126,44
1574518524000,45,42,83,123,39
1574518525000,46,43,79,128,45
1574518527000,46,42,79,121,49
1574518528000,41,41,80,129,45
1574518529000,44,45,80,136,48
1574518531000,38,40,87,124,42
1574518532000,46,35,89,130,47
1574518534000,43,41,86,122,45
1574518535000,43,42,86,124,46
1574518536000,46,42,82,128,47
1574518538000,42,41,89,132,42
1574518539000,41,41,84,127,46
1574518541000,40,41,89,126,44
1574518542000,42,41,86,122,46
1574518544000,46,37,86,131,45
1574518545000,41,44,81,122,41
1574518546000,40,44,77,128,41
1574518548000,40,46,83,131,43
1574518549000,43,36,85,132,44
1574518551000,42,46,88,118,40
1574518552000,46,45,84,120,43
1574518553000,41,44,83,119,45
1574518555000,42,42,83,128,43
1574518556000,48,42,86,133,42
1574518558000,44,39,90,130,47
1574518559000,41,38,88,121,44
1574518560000,38,43,85,129,46
1574518562000,41,40,88,131,46
1574518563000,44,43,87,130,43
1574518565000,44,44,80,132,51
1574518566000,40,41,83,127,49
1574518568000,45,43,82,130,44
1574518569000,39,40,78,127,46
1574518570000,37,42,84,124,46
1574518572000,44,42,85,126,46
1574518573000,47,41,84,128,42
1574518575000,43,39,81,123,40
1574518576000,48,43,84,122,43
1574518577000,45,43,84,124,46
1574518579000,48,40,82,125,44
1574518580000,43,41,81,129,49
1574518582000,43,42,89,138,47
1574518583000,44,42,80,132,45
1574518584000,44,38,78,132,45
1574518586000,41,43,85,122,41
1574518587000,40,41,86,126,47
1574518589000,43,44,76,119,46
1574518590000,39,43,87,126,43
1574518591000,45,43,86,134,42
1574518593000,44,40,85,136,50
1574518594000,40,41,86,125,47
1574518596000,44,46,82,131,49
1574518597000,44,43,85,129,50
1574518599000,40,43,79,127,43
1574518600000,48,43,86,131,44
1574518601000,39,45,90,128,41
1574518603000,45,32,86,128,46
1574518604000,46,41,82,132,46
1574518606000,41,39,84,129,46
1574518607000,40,42,82,132,45
1574518608000,46,39,80,126,44
1574518610000,39,39,80,126,45
1574518611000,42,48,85,120,45
1574518613000,42,41,81,130,43
1574518614000,39,42,84,122,46
1574518615000,45,41,91,133,45
1574518617000,44,38,83,127,47
1574518618000,46,41,83,124,45
1574518620000,46,40,82,125,41
1574518621000,45,43,81,124,48
1574518623000,38,43,82,130,41
1574518624000,47,45,82,124,41
1574518625000,41,42,84,130,42
1574518627000,44,40,86,124,45
1574518628000,45,42,84,121,49
1574518630000,41,42,79,121,46
1574518631000,40,43,87,126,42
1574518632000,40,44,83,120,47
1574518634000,42,46,81,130,45
1574518635000,44,41,80,124,45
1574518637000,42,41,81,119,45
1574518638000,44,43,88,125,46
1574518639000,47,40,80,123,44
1574518641000,43,34,89,134,46
1574518642000,42,43,81,127,43
1574518644000,41,42,84,132,43
1574518645000,41,43,87,125,46
1574518647000,46,43,85,130,45
1574518648000,46,42,83,129,46
1574518649000,42,39,83,134,47
1574518651000,42,40,80,120,44
1574518652000,41,43,81,131,42
1574518654000,44,43,81,129,42
1574518655000,46,46,81,125,47
1574518656000,47,48,87,124,44
1574518658000,46,41,85,126,47
1574518659000,46,38,81,128,44
1574518661000,44,44,85,124,43
1574518662000,45,41,90,122,46
1574518663000,44,45,85,126,45
1574518665000,42,42,89,124,40
1574518666000,45,43,88,125,48
1574518668000,46,41,81,127,42
1574518669000,48,46,83,125,47
1574518671000,45,45,81,129,45
1574518672000,46,41,86,125,47
1574518673000,43,43,78,125,43
1574518675000,45,46,83,125,44
1574518676000,43,41,83,129,41
1574518678000,45,42,75,125,40
1574518679000,46,41,90,118,45
1574518680000,47,42,83,121,47
1574518682000,44,40,81,128,42
1574518683000,41,37,85,127,44
1574518685000,44,36,87,129,43
1574518686000,46,44,82,121,43
1574518687000,43,44,85,120,46
1574518689000,49,46,85,129,46
1574518690000,45,40,84,126,43
1574518692000,45,39,82,129,39
1574518693000,42,43,84,129,45
1574518695000,42,38,88,127,49
1574518696000,40,45,88,128,41
1574518697000,40,42,81,122,47
1574518699000,45,38,77,135,38
1574518700000,46,41,84,125,42
1574518702000,45,43,89,128,48
1574518703000,41,44,74,126,45
1574518704000,43,42,87,123,47
1574518706000,47,40,86,133,43
1574518707000,42,44,88,131,51
1574518709000,42,37,89,124,42
1574518710000,43,45,84,130,47
1574518711000,46,42,88,123,46
1574518713000,42,39,78,127,45
1574518714000,43,40,92,125,42
1574518716000,43,40,87,131,43
1574518717000,45,43,89,125,45
1574518718000,41,42,85,126,48
1574518720000,46,42,82,129,47
1574518721000,44,39,88,123,44
1574518723000,47,37,85,124,45
1574518724000,41,44,83,125,46
1574518726000,48,40,83,126,44
1574518727000,44,42,84,130,46
1574518728000,45,39,85,139,48
1574518730000,42,41,85,123,41
1574518731000,41,40,82,122,41
1574518733000,45,42,80,126,44
1574518734000,40,41,85,123,45
1574518735000,43,43,82,127,44
1574518737000,43,42,84,131,44
1574518738000,42,44,89,127,44
1574518740000,43,38,86,127,48
1574518741000,42,41,77,128,48
1574518742000,36,41,83,121,44
1574518744000,48,42,82,135,47
1574518745000,39,44,85,131,45
1574518747000,42,46,83,132,42
1574518748000,46,39,91,119,43
1574518750000,40,47,82,127,38
1574518751000,42,42,83,129,46
1574518752000,45,45,82,129,47
1574518754000,43,42,84,136,49
1574518755000,43,41,79,126,43
1574518757000,42,39,82,127,45
1574518758000,46,46,83,132,41
1574518759000,47,49,81,125,44
1574518761000,41,46,80,122,42
1574518762000,41,40,79,125,46
1574518764000,43,40,85,126,50
1574518765000,44,39,86,124,44
1574518766000,46,43,92,124,45
1574518768000,48,46,89,127,49
1574518769000,43,40,79,127,44
1574518771000,43,43,80,128,41
1574518772000,46,40,85,123,43
1574518774000,47,44,83,137,48
1574518775000,50,42,85,132,44
1574518776000,44,43,86,124,46
1574518778000,42,43,80,130,45
1574518779000,38,42,89,135,46
1574518781000,42,40,85,127,45
1574518782000,41,38,88,121,42
1574518783000,43,43,83,123,42
1574518785000,41,44,90,120,45
1574518786000,39,43,88,121,45
1574518788000,45,46,79,130,48
1574518789000,38,37,82,121,44
1574518790000,44,45,86,124,41
1574518792000,44,38,90,135,46
1574518793000,40,40,86,125,47
1574518795000,43,40,86,129,42
1574518796000,45,43,78,128,45
1574518798000,43,41,84,127,50
1574518799000,43,39,84,133,46
1574518800000,43,42,84,118,44
1574518802000,40,40,86,121,44
1574518803000,39,42,88,135,44
1574518805000,45,40,86,125,42
1574518806000,46,42,84,123,49
1574518807000,42,41,87,129,44
1574518809000,40,40,91,128,46
1574518810000,45,45,84,126,41
1574518812000,42,37,83,121,42
1574518813000,44,42,82,122,47
1574518814000,43,41,84,130,43
1574518816000,41,43,83,126,47
1574518817000,42,42,83,126,46
1574518819000,43,41,84,130,44
1574518820000,40,43,86,126,44
1574518821000,43,43,85,128,43
1574518823000,44,44,87,121,41
1574518824000,38,44,83,123,42
1574518826000,44,43,78,125,48
1574518827000,42,37,86,123,47
1574518829000,43,40,88,142,52
1574518830000,43,40,88,122,44
1574518831000,39,46,81,128,45
1574518833000,48,46,80,132,43
1574518834000,41,39,89,128,46
1574518836000,41,44,77,124,46
1574518837000,40,39,84,127,50
1574518838000,40,41,84,127,44
1574518840000,46,37,85,133,42
1574518841000,42,43,88,126,42
1574518843000,45,40,85,128,43
1574518844000,45,38,78,127,46
1574518845000,45,42,77,117,44
1574518847000,43,43,90,117,44
1574518848000,45,43,88,117,45
1574518850000,42,48,86,134,45
1574518851000,44,38,80,126,41
1574518853000,39,40,87,131,45
1574518854000,45,45,92,139,42
1574518855000,40,39,77,124,45
1574518857000,43,43,79,129,43
1574518858000,42,40,85,124,42
1574518860000,45,44,81,129,41
1574518861000,42,45,93,126,43
1574518862000,42,43,97,125,44
1574518864000,39,38,83,128,46
1574518865000,42,35,83,138,45
1574518867000,45,43,91,130,41
1574518868000,43,40,78,121,47
1574518869000,39,41,79,129,43
1574518871000,46,40,82,125,42
1574518872000,50,42,85,126,45
1574518874000,44,42,86,127,46
1574518875000,45,40,87,136,44
1574518877000,46,41,87,127,52
1574518878000,42,41,85,127,43
1574518879000,42,40,83,128,45
1574518881000,44,45,85,129,45
1574518882000,38,44,84,127,47
1574518884000,42,46,86,124,45
1574518885000,43,39,84,129,42
1574518886000,46,36,85,124,46
1574518888000,39,41,87,131,44
1574518889000,44,36,87,122,42
1574518891000,42,40,85,125,47
1574518892000,42,41,82,122,44
1574518893000,41,41,83,128,40
1574518895000,44,42,84,122,47
1574518896000,45,42,84,130,41
1574518898000,42,44,86,123,43
1574518899000,43,43,81,132,43
1574518900000,43,49,85,123,47
1574518902000,41,41,85,122,40
1574518903000,45,46,86,129,47
1574518905000,45,44,86,133,40
1574518906000,47,44,85,126,44
1574518908000,44,44,83,122,50
1574518909000,41,43,84,130,46
1574518910000,45,40,79,133,46
1574518912000,47,44,85,132,48
1574518913000,49,37,82,130,42
1574518915000,48,39,81,125,48
1574518916000,41,40,89,130,43
1574518917000,44,43,92,123,40
1574518919000,42,42,83,128,43
1574518920000,49,39,82,126,41
1574518922000,42,44,87,123,42
1574518923000,42,40,81,122,46
1574518924000,42,42,87,127,45
1574518926000,42,42,89,133,45
1574518927000,41,39,82,133,46
1574518929000,42,41,81,123,41
1574518930000,45,41,86,125,43
1574518932000,44,41,92,121,50
1574518933000,39,43,84,121,44
1574518934000,40,40,81,131,48
1574518936000,40,41,79,130,45
1574518937000,46,36,79,124,42
1574518939000,42,44,80,131,41
1574518940000,47,34,84,131,46
1574518941000,38,41,83,131,44
1574518943000,51,47,83,126,45
1574518944000,37,47,89,129,44
1574518946000,47,46,82,128,43
1574518947000,39,38,78,128,45
1574518948000,45,40,90,131,49
1574518950000,45,42,84,119,48
1574518951000,40,46,86,130,44
1574518953000,45,42,87,125,44
1574518954000,42,42,90,125,47
1574518956000,44,44,85,123,43
1574518957000,45,40,83,123,47
1574518958000,45,42,87,128,45
1574518960000,47,39,84,129,45
1574518961000,47,43,84,130,45
1574518963000,46,43,86,131,47
1574518964000,42,42,83,131,48
1574518965000,47,46,87,132,40
1574518967000,44,42,96,126,45
1574518968000,41,43,85,125,43
1574518970000,47,44,85,126,45
1574518971000,41,47,88,123,45
1574518972000,44,43,84,131,42
1574518974000,43,39,83,124,45
1574518975000,41,35,88,126,47
1574518977000,40,42,82,131,44
1574518978000,43,40,89,123,46
1574518980000,45,42,86,127,45
1574518981000,40,34,87,133,43
1574518982000,47,41,86,125,46
1574518984000,43,45,86,129,45
1574518985000,47,41,90,129,41
1574518987000,46,46,90,129,47
1574518988000,41,45,78,121,43
1574518989000,41,43,88,121,44
1574518991000,44,39,84,125,45
1574518992000,45,40,77,125,40
1574518994000,42,44,88,131,45
1574518995000,42,44,84,121,44
1574518996000,42,41,84,127,46
1574518998000,46,45,84,127,47
1574518999000,45,40,84,123,43
1574519001000,43,45,94,125,45
1574519002000,40,46,91,126,41
1574519003000,42,43,82,133,44
1574519005000,43,42,84,135,37
1574519006000,38,41,84,131,42
1574519008000,45,45,81,127,41
1574519009000,45,42,81,134,44
1574519011000,42,40,87,126,45
1574519012000,43,39,89,125,42
1574519013000,48,42,80,124,42
1574519015000,44,39,88,123,48
1574519016000,44,41,78,122,43
1574519018000,44,49,81,125,45
1574519019000,39,44,85,122,49
1574519020000,42,47,81,132,45
1574519022000,43,40,82,126,49
1574519023000,46,40,86,130,45
1574519025000,40,46,86,126,43
1574519026000,46,38,87,136,49
1574519027000,39,43,84,124,44
1574519029000,41,45,83,122,40
1574519030000,45,41,85,133,42
1574519032000,47,42,82,122,49
1574519033000,42,39,80,124,45
1574519035000,43,46,87,126,39
1574519036000,44,39,90,127,46
1574519037000,47,42,84,127,45
1574519039000,45,42,85,127,44
1574519040000,47,44,88,120,47
1574519042000,40,41,83,128,43
1574519043000,46,52,86,123,46
1574519044000,45,44,86,122,43
1574519046000,45,38,82,130,41
1574519047000,43,39,84,128,47
1574519049000,42,44,85,131,44
1574519050000,45,47,79,127,43
1574519051000,49,43,84,124,48
1574519053000,42,43,92,136,49
1574519054000,42,42,80,126,44
1574519056000,46,41,86,129,43
1574519057000,46,39,79,134,48
1574519059000,38,36,93,128,46
1574519060000,41,45,88,126,44
