1574519279000,41,44,37,43,44
1574519280000,41,43,42,46,39
1574519281000,41,41,39,46,46
1574519283000,42,43,42,44,42
1574519284000,43,41,38,49,39
1574519286000,42,41,44,42,40
1574519287000,43,42,40,39,38
1574519288000,45,44,41,42,39
1574519290000,45,40,44,47,41
1574519291000,39,44,41,42,45
1574519293000,46,48,44,44,42
1574519294000,40,45,45,39,40
1574519296000,42,46,41,43,41
1574519297000,40,40,43,40,41
1574519298000,46,40,42,43,42
1574519300000,43,44,40,44,45
1574519301000,44,44,46,41,42
1574519303000,42,41,43,43,43
1574519304000,41,45,42,38,36
1574519305000,41,41,41,39,44
1574519307000,37,40,41,39,43
1574519308000,41,36,39,46,39
1574519310000,41,37,43,43,40
1574519311000,45,43,41,42,42
1574519312000,41,44,41,40,44
1574519314000,44,39,39,41,44
1574519315000,40,42,42,39,34
1574519317000,38,49,43,39,38
1574519318000,47,41,45,45,48
1574519320000,44,41,44,42,41
1574519321000,39,42,42,42,42
1574519322000,44,38,45,46,40
1574519324000,38,43,40,41,38
1574519325000,38,49,42,41,39
1574519327000,40,43,40,40,39
1574519328000,43,42,42,43,41
1574519329000,41,43,45,46,45
1574519331000,50,41,43,47,46
1574519332000,40,45,41,43,43
1574519334000,45,36,41,40,45
1574519335000,38,40,43,42,41
1574519336000,43,41,39,42,44
1574519338000,42,42,39,38,40
1574519339000,42,42,43,43,45
1574519341000,47,42,39,45,45
1574519342000,40,43,36,46,41
1574519344000,39,40,42,40,42
1574519345000,45,40,42,39,43
1574519346000,47,43,44,44,45
1574519348000,43,39,43,41,43
1574519349000,40,41,37,43,42
1574519351000,42,41,39,38,40
1574519352000,40,36,43,41,42
1574519353000,42,49,42,43,47
1574519355000,44,45,43,41,40
1574519356000,42,38,45,44,37
1574519358000,44,44,48,45,42
1574519359000,40,48,43,45,40
1574519360000,43,41,40,41,43
1574519362000,38,41,42,43,40
1574519363000,44,43,41,41,40
1574519365000,43,43,45,38,39
1574519366000,44,44,43,37,38
1574519368000,40,45,42,44,45
1574519369000,42,43,40,46,44
1574519370000,42,40,41,42,39
1574519372000,44,40,36,44,43
1574519373000,44,37,44,44,40
1574519375000,43,45,44,36,39
1574519376000,43,43,49,41,43
1574519377000,44,47,40,43,42
1574519379000,47,42,39,44,42
1574519380000,41,43,38,43,45
1574519382000,41,41,40,40,46
1574519383000,40,45,42,43,44
1574519384000,41,42,36,41,37
1574519386000,42,46,42,41,43
1574519387000,42,45,40,45,39
1574519389000,41,40,42,41,39
1574519390000,44,46,37,37,39
1574519391000,40,44,45,39,43
1574519393000,48,39,45,41,38
1574519394000,43,43,34,40,42
1574519396000,50,41,42,38,47
1574519397000,46,40,46,43,40
1574519399000,42,41,42,48,43
1574519400000,43,39,39,44,41
1574519401000,43,43,39,43,46
1574519403000,36,40,40,44,42
1574519404000,41,44,44,41,42
1574519406000,44,44,41,40,44
1574519407000,39,37,40,40,41
1574519408000,40,37,44,43,43
1574519410000,45,40,45,42,42
1574519411000,39,35,41,41,47
1574519413000,43,41,41,39,43
1574519414000,40,38,47,42,41
1574519415000,41,40,44,43,46
1574519417000,45,43,47,43,38
1574519418000,44,41,36,45,44
1574519420000,42,44,43,44,46
1574519421000,44,38,38,44,44
1574519423000,39,44,44,45,38
1574519424000,38,40,39,42,37
1574519425000,42,44,41,45,44
1574519427000,45,45,40,36,43
1574519428000,43,44,43,43,46
1574519430000,40,42,46,45,40
1574519431000,46,41,40,40,41
1574519432000,42,45,38,36,44
1574519434000,47,47,42,42,44
1574519435000,40,40,42,40,41
1574519437000,41,41,37,43,45
1574519438000,40,41,45,36,42
1574519439000,50,41,41,41,44
1574519441000,37,46,41,42,41
1574519442000,42,42,40,38,40
1574519444000,45,40,43,43,41
1574519445000,44,42,41,40,43
1574519447000,38,37,42,42,39
1574519448000,42,44,46,43,39
1574519449000,40,43,41,45,38
1574519451000,37,43,43,44,39
1574519452000,41,43,42,48,44
1574519454000,43,41,45,42,45
1574519455000,40,40,43,42,47
1574519456000,44,41,44,43,41
1574519458000,43,45,41,44,42
1574519459000,42,41,45,41,41
1574519461000,43,46,40,44,41
1574519462000,43,48,41,44,45
1574519465000,42,38,40,37,44
1574519467000,48,46,46,43,40
1574519468000,42,43,42,39,35
1574519470000,43,46,39,43,43
1574519471000,42,46,41,38,40
1574519473000,45,40,43,40,38
1574519474000,39,45,41,43,41
1574519475000,44,47,39,39,43
1574519477000,42,45,37,40,45
1574519478000,41,41,45,40,42
1574519480000,43,42,39,47,45
1574519481000,43,42,40,39,46
1574519482000,41,42,42,45,41
1574519484000,41,43,41,42,40
1574519485000,40,40,39,41,43
1574519487000,41,43,42,45,43
1574519488000,47,45,41,41,41
1574519489000,43,39,42,44,46
1574519491000,45,40,45,47,36
1574519492000,49,38,42,41,43
1574519494000,41,40,38,42,45
1574519495000,42,43,40,42,44
1574519496000,46,43,45,43,46
1574519498000,44,45,37,43,41
1574519499000,45,43,41,39,39
1574519501000,36,47,46,40,45
1574519502000,42,43,44,42,42
1574519504000,40,41,40,41,43
1574519505000,44,38,39,45,45
1574519506000,44,43,43,39,35
1574519508000,44,41,44,48,45
1574519509000,41,44,39,40,39
1574519511000,41,38,46,44,42
1574519512000,42,44,40,40,43
1574519513000,42,37,42,44,41
1574519515000,39,37,43,43,40
1574519516000,37,39,44,43,41
1574519518000,45,40,37,45,38
1574519519000,40,41,43,44,39
1574519520000,42,39,44,42,40
1574519522000,40,41,42,41,41
1574519523000,47,39,46,42,46
1574519525000,41,43,42,40,41
1574519526000,46,39,42,43,45
1574519528000,42,39,39,37,42
1574519529000,39,43,44,43,41
1574519530000,39,40,40,43,42
1574519532000,41,39,44,43,40
1574519533000,38,40,41,44,44
1574519535000,45,41,42,41,36
1574519536000,39,44,38,43,40
1574519537000,42,42,41,39,44
1574519539000,43,46,43,42,48
1574519540000,44,43,41,43,43
1574519542000,39,45,44,45,39
1574519543000,41,43,41,42,43
1574519544000,41,45,44,36,45
1574519546000,44,44,40,41,41
1574519547000,44,47,42,44,40
1574519549000,41,41,41,44,45
1574519550000,41,41,40,35,40
1574519552000,44,42,39,44,46
1574519553000,41,43,43,43,45
1574519554000,42,45,43,41,43
1574519556000,43,42,40,43,39
1574519557000,42,43,43,36,43
1574519559000,43,38,42,44,43
1574519560000,43,40,43,42,38
1574519561000,41,40,41,43,43
1574519563000,46,40,44,44,42
1574519564000,35,41,43,42,42
1574519566000,41,41,39,42,41
1574519567000,46,44,41,39,37
1574519568000,46,40,43,46,41
1574519570000,39,43,41,42,41
1574519571000,43,41,42,46,48
1574519573000,42,40,40,43,45
1574519574000,40,39,40,38,44
1574519575000,43,41,41,40,41
1574519577000,43,44,41,47,40
1574519578000,40,41,41,37,40
1574519580000,41,38,43,43,46
1574519581000,44,41,44,38,38
1574519583000,41,43,45,39,46
1574519584000,44,38,39,46,37
1574519585000,42,44,45,44,40
1574519587000,43,43,43,40,45
1574519588000,43,43,41,40,44
1574519590000,44,45,42,45,41
1574519591000,41,38,41,44,37
1574519592000,48,43,36,42,38
1574519594000,42,42,44,43,41
1574519595000,40,38,41,37,41
1574519597000,44,45,39,40,40
1574519598000,41,43,40,44,43
1574519599000,41,42,45,40,42
1574519601000,43,42,42,43,43
1574519602000,40,40,44,37,43
1574519604000,42,43,38,39,47
1574519605000,48,41,42,37,41
1574519607000,46,42,39,45,48
1574519608000,41,41,43,36,43
1574519609000,42,42,41,45,44
1574519611000,40,44,45,46,41
1574519612000,35,44,38,45,39
1574519614000,44,44,44,41,40
1574519615000,43,41,47,42,43
1574519616000,43,38,44,42,41
1574519618000,42,41,39,41,41
1574519619000,43,44,42,41,40
1574519621000,39,47,39,37,44
1574519622000,43,41,39,45,40
1574519623000,46,43,43,41,42
1574519625000,45,49,43,39,40
1574519626000,45,40,40,40,41
1574519628000,41,45,40,42,44
1574519629000,42,43,40,41,44
1574519631000,38,45,38,42,40
1574519632000,39,40,41,40,43
1574519633000,45,40,45,45,43
1574519635000,40,42,45,40,44
1574519636000,43,43,44,42,37
1574519638000,41,42,39,43,38
1574519639000,43,42,37,39,47
1574519640000,43,46,40,39,42
1574519642000,40,44,40,40,42
1574519643000,42,43,42,44,41
1574519645000,45,48,40,40,43
1574519646000,40,45,45,41,43
1574519647000,40,40,39,44,39
1574519649000,44,38,40,43,44
1574519650000,44,43,43,44,38
1574519652000,46,45,44,45,42
1574519653000,41,39,41,46,47
1574519655000,44,39,38,41,42
1574519656000,47,42,36,41,41
1574519657000,46,41,39,38,47
1574519659000,40,39,49,44,46
1574519660000,41,43,44,41,42
1574519662000,42,39,44,42,44
1574519663000,41,41,37,42,41
1574519664000,42,43,37,42,46
1574519666000,40,45,42,40,47
1574519667000,42,44,42,38,41
1574519669000,44,42,40,46,40
1574519670000,45,43,41,45,39
1574519671000,46,43,41,42,46
1574519673000,48,41,44,44,43
1574519674000,38,42,45,45,45
1574519676000,46,46,44,41,41
1574519677000,41,41,47,42,42
1574519678000,42,39,40,43,42
1574519680000,43,38,44,43,38
1574519681000,43,43,40,44,38
1574519683000,47,46,40,42,42
1574519684000,45,39,42,45,42
1574519686000,40,39,41,48,43
1574519687000,39,44,41,43,40
1574519688000,44,39,41,39,43
1574519690000,43,46,47,47,39
1574519691000,41,41,43,46,40
1574519693000,36,44,40,42,40
1574519694000,47,45,40,44,43
1574519695000,43,38,41,44,42
1574519697000,44,44,44,40,43
1574519698000,37,41,42,40,42
1574519700000,45,37,42,43,40
1574519701000,45,41,41,38,45
1574519702000,47,46,43,41,45
1574519704000,42,47,41,41,39
1574519705000,45,43,44,41,43
1574519707000,43,43,42,44,45
1574519708000,42,41,40,43,42
1574519710000,39,39,40,39,39
1574519711000,38,44,45,41,43
1574519712000,44,38,45,42,48
1574519714000,36,41,38,41,39
1574519715000,41,42,42,40,43
1574519717000,45,40,44,42,43
1574519718000,42,37,43,42,42
1574519719000,42,44,44,40,45
1574519721000,49,44,39,44,49
1574519722000,38,43,43,47,44
1574519724000,41,42,44,42,46
1574519725000,39,40,44,40,44
1574519726000,41,38,40,40,45
1574519728000,38,44,43,41,41
1574519729000,41,47,41,44,43
1574519731000,49,42,43,42,42
1574519732000,44,44,41,35,43
1574519734000,44,43,44,38,42
1574519735000,40,42,43,44,39
1574519736000,42,43,45,44,46
1574519738000,40,40,38,41,40
1574519739000,46,47,42,46,41
1574519741000,41,47,42,37,43
1574519742000,48,42,41,46,40
1574519743000,45,42,45,37,39
1574519745000,45,42,40,44,38
1574519746000,44,46,41,37,38
1574519748000,45,39,38,40,41
1574519749000,42,48,44,43,44
1574519750000,42,39,42,44,38
1574519752000,37,37,45,40,40
1574519753000,41,42,42,41,44
1574519755000,45,41,41,47,43
1574519756000,44,43,41,43,46
1574519758000,41,46,43,46,45
1574519759000,41,38,46,44,44
1574519760000,39,39,40,39,42
1574519762000,36,47,45,42,40
1574519763000,38,39,41,44,44
1574519765000,41,45,40,40,45
1574519766000,38,41,40,40,44
1574519767000,43,39,43,39,43
1574519769000,40,44,38,43,44
1574519770000,42,39,44,43,39
1574519772000,43,41,40,43,39
1574519773000,40,43,41,39,40
1574519774000,40,42,44,42,45
1574519776000,43,39,44,42,41
1574519777000,43,42,43,41,38
1574519779000,45,45,44,41,42
1574519780000,41,45,42,43,42
1574519781000,37,36,40,41,43
1574519783000,41,44,43,39,43
1574519784000,41,42,48,40,43
1574519786000,45,48,39,41,41
1574519787000,42,39,40,38,44
1574519789000,46,39,43,45,40
1574519790000,40,42,41,48,43
1574519791000,41,38,46,46,39
1574519793000,51,45,44,42,41
1574519794000,41,43,42,38,41
1574519796000,45,41,42,44,41
1574519797000,43,43,44,40,42
1574519798000,47,44,41,42,40
1574519800000,43,47,41,43,41
1574519801000,41,40,41,42,43
1574519803000,43,40,45,39,44
1574519804000,43,40,43,50,42
1574519805000,40,39,39,37,41
1574519807000,39,39,42,38,43
1574519808000,43,43,40,38,39
1574519810000,46,41,40,42,38
1574519811000,41,40,38,40,41
1574519813000,38,43,40,38,43
1574519814000,38,41,41,39,43
1574519815000,44,41,40,41,40
1574519817000,39,44,41,41,47
1574519818000,40,39,47,42,38
1574519820000,40,39,37,44,42
1574519821000,40,41,41,43,40
1574519822000,42,43,42,45,44
1574519824000,45,37,36,42,50
1574519825000,43,43,44,39,40
1574519827000,43,40,41,43,40
1574519828000,43,42,41,44,40
1574519829000,42,40,42,41,45
1574519831000,42,44,37,43,42
1574519832000,44,41,43,44,39
1574519834000,45,43,44,48,39
1574519835000,40,45,41,37,42
1574519837000,49,45,41,44,45
1574519838000,43,44,41,42,44
1574519839000,43,45,40,45,39
1574519841000,44,37,41,42,40
1574519842000,40,42,40,46,48
1574519844000,46,46,42,41,44
1574519845000,43,43,37,41,40
1574519846000,43,39,41,40,43
1574519848000,46,43,40,42,43
1574519849000,47,43,34,42,45
1574519851000,36,45,42,42,41
1574519852000,45,37,43,42,38
1574519853000,42,43,45,44,43
1574519855000,49,39,42,41,39
1574519856000,42,43,43,38,43
1574519858000,43,40,42,43,41
1574519859000,43,41,45,44,44
1574519860000,45,38,42,40,41
1574519862000,46,40,40,41,43
1574519863000,39,42,41,40,41
1574519865000,38,43,41,37,44
1574519866000,41,41,45,44,46
1574519868000,44,40,45,40,41
1574519869000,41,39,41,41,41
1574519870000,40,45,45,43,42
1574519872000,40,43,46,42,38
1574519873000,41,41,37,43,42
1574519875000,40,42,43,40,38
1574519876000,42,42,40,45,38
1574519877000,42,42,42,40,48
1574519879000,43,45,40,45,44
1574519880000,42,37,44,43,42
1574519882000,46,39,46,39,42
1574519883000,44,46,39,41,43
1574519884000,44,43,41,42,39
1574519886000,41,43,42,41,39
1574519887000,40,43,40,42,42
1574519889000,43,40,43,40,44
1574519890000,42,41,44,44,42
1574519892000,45,38,40,43,41
1574519893000,39,45,46,37,41
1574519894000,39,40,40,37,42
1574519896000,39,43,42,43,47
1574519897000,43,41,41,39,44
1574519899000,40,42,45,40,45
1574519900000,39,41,45,44,41
1574519901000,42,42,47,40,41
1574519903000,44,42,43,51,38
1574519904000,40,42,42,39,42
1574519906000,40,41,40,47,39
1574519907000,45,40,42,40,39
1574519908000,45,42,43,42,45
1574519910000,40,46,48,39,46
1574519911000,43,49,43,37,44
1574519913000,45,46,41,49,44
1574519914000,47,42,43,38,41
1574519916000,43,41,43,41,41
1574519917000,38,43,44,38,37
1574519918000,42,43,41,43,40
1574519920000,42,42,48,41,41
1574519921000,47,39,40,41,44
1574519923000,43,44,42,42,41
1574519924000,44,43,43,40,43
1574519925000,39,40,39,43,41
1574519927000,41,45,39,39,42
1574519928000,38,46,44,46,43
1574519930000,39,42,44,44,43
1574519931000,43,44,45,47,47
1574519932000,39,42,36,41,43
1574519934000,44,45,43,46,38
1574519935000,46,44,39,38,41
1574519937000,44,39,50,47,38
1574519938000,37,42,48,42,41
1574519940000,42,40,39,44,41
1574519941000,40,42,39,41,39
1574519942000,41,41,45,42,43
1574519944000,42,44,42,44,41
1574519945000,40,48,37,41,42
1574519947000,42,42,39,43,42
1574519948000,43,39,40,41,42
1574519949000,45,39,44,44,41
1574519951000,47,44,44,40,43
1574519952000,40,43,41,43,43
1574519954000,46,45,39,39,42
1574519955000,40,45,38,44,41
1574519956000,44,44,41,43,42
1574519958000,44,43,44,40,43
1574519959000,42,41,40,45,40
1574519961000,42,40,39,43,37
1574519962000,38,45,40,42,41
1574519964000,43,41,40,48,40
1574519965000,41,43,42,39,43
1574519966000,44,44,37,42,42
1574519968000,45,41,42,46,47
1574519969000,41,41,42,42,42
1574519971000,43,44,44,45,44
1574519972000,44,42,43,48,43
1574519973000,42,42,45,43,42
1574519975000,41,41,40,38,48
1574519976000,41,44,41,46,39
1574519978000,48,41,44,41,43
1574519979000,40,44,46,41,44
1574519980000,39,50,40,42,40
1574519982000,39,45,41,39,40
1574519983000,42,41,39,40,47
1574519985000,42,43,45,40,39
1574519986000,40,47,43,43,41
1574519987000,41,42,45,39,41
1574519989000,38,45,47,40,41
1574519990000,43,38,41,41,44
1574519992000,43,46,38,41,43
1574519993000,42,46,40,43,47
1574519995000,41,41,38,45,42
1574519996000,41,42,45,38,39
1574519997000,42,45,42,41,43
1574519999000,45,40,45,46,39
1574520000000,44,43,49,40,43
1574520002000,40,40,42,42,41
1574520003000,37,44,40,40,49
1574520004000,43,43,41,36,48
1574520006000,44,40,46,42,47
1574520007000,36,40,40,43,41
1574520009000,43,42,40,38,42
1574520010000,44,42,39,42,46
1574520011000,44,43,40,45,41
1574520013000,40,45,44,43,48
1574520014000,40,44,45,37,40
1574520016000,40,41,45,39,42
1574520017000,43,36,44,44,41
1574520019000,40,43,41,43,43
1574520020000,44,36,40,39,43
1574520021000,45,41,38,43,48
1574520023000,44,42,43,43,40
1574520024000,44,39,42,40,42
1574520026000,38,41,40,39,43
1574520027000,40,37,42,41,42
1574520028000,43,38,46,42,41
1574520030000,46,42,43,36,43
1574520031000,44,45,42,43,43
1574520033000,44,46,43,38,41
1574520034000,40,39,50,42,44
1574520035000,46,42,42,42,39
1574520037000,44,40,42,43,40
1574520038000,42,41,41,42,41
1574520040000,40,41,44,42,44
1574520041000,47,41,43,43,43
1574520043000,36,43,41,38,43
1574520044000,43,41,38,46,39
1574520045000,42,44,42,46,41
1574520048000,41,39,41,39,39
1574520050000,41,45,46,41,44
1574520051000,41,44,41,40,41
1574520052000,37,42,37,44,41
1574520054000,44,40,47,43,40
1574520055000,44,42,41,44,43
1574520057000,41,46,42,42,43
1574520058000,43,39,41,40,45
1574520059000,41,38,42,45,42
1574520061000,39,41,47,41,43
1574520062000,41,47,42,42,42
1574520064000,42,41,40,39,39
1574520065000,42,44,37,41,40
1574520067000,46,39,39,40,42
1574520068000,45,37,41,42,42
1574520069000,42,41,39,42,46
1574520071000,42,42,42,43,44
1574520072000,36,40,42,44,42
1574520074000,43,40,40,38,42
1574520075000,43,39,42,43,39
1574520076000,46,39,43,44,43
1574520078000,44,40,42,42,46
1574520079000,43,43,39,40,40
1574520081000,36,39,43,42,41
1574520082000,44,46,43,43,42
1574520083000,43,43,43,41,43
1574520085000,41,40,41,46,43
1574520086000,36,40,39,38,39
1574520088000,43,43,46,43,39
1574520089000,43,46,46,40,44
1574520090000,45,38,40,42,42
1574520092000,42,43,42,38,39
1574520093000,44,41,42,43,44
1574520095000,39,42,42,37,40
1574520096000,45,39,43,44,41
1574520098000,49,40,42,38,43
1574520099000,41,41,44,45,39
1574520100000,43,42,43,46,39
1574520102000,47,41,44,40,40
1574520103000,43,37,43,42,40
1574520105000,46,41,44,41,40
1574520106000,47,44,39,39,45
1574520107000,39,40,43,41,43
1574520109000,41,39,44,46,41
1574520110000,38,40,45,43,43
1574520112000,44,43,41,50,38
1574520113000,44,44,43,46,42
1574520114000,47,41,41,43,42
1574520116000,41,45,41,36,41
1574520117000,44,38,43,44,40
1574520119000,43,43,48,45,43
1574520120000,44,42,42,48,41
1574520122000,43,39,39,46,40
1574520123000,42,45,40,46,41
1574520124000,41,42,41,41,37
1574520126000,42,40,40,40,38
1574520127000,42,44,47,43,41
1574520129000,42,42,44,41,45
1574520130000,40,44,42,43,42
1574520131000,42,40,41,41,43
1574520133000,43,44,37,43,40
1574520134000,41,44,44,47,46
1574520136000,35,41,41,44,41
1574520137000,47,43,39,42,41
1574520138000,40,44,40,48,43
1574520140000,43,44,44,40,40
1574520141000,43,39,40,43,42
1574520143000,39,38,43,40,41
1574520144000,39,44,41,40,39
1574520146000,41,41,46,41,41
1574520147000,44,41,41,42,43
1574520148000,41,41,38,41,39
1574520150000,42,38,42,39,39
1574520151000,45,42,45,39,38
1574520153000,42,48,42,44,37
1574520154000,45,42,42,39,43
1574520155000,38,43,46,43,43
1574520157000,38,42,43,46,40
1574520158000,40,44,41,43,46
1574520160000,38,43,37,40,40
1574520161000,42,40,44,39,46
1574520162000,46,40,41,35,37
1574520164000,48,40,40,41,41
1574520165000,42,43,42,38,40
1574520167000,43,44,44,41,44
1574520168000,44,45,42,43,45
1574520169000,43,43,41,41,45
1574520171000,37,39,41,38,50
1574520172000,37,44,44,42,41
1574520174000,42,42,41,43,39
1574520175000,37,42,47,41,46
1574520177000,44,50,38,39,41
1574520178000,40,44,46,39,39
1574520179000,44,47,44,43,40
1574520181000,40,45,40,45,42
1574520182000,48,45,40,43,39
1574520184000,39,41,40,43,44
1574520185000,41,45,41,41,45
1574520186000,44,43,39,39,40
1574520188000,47,41,41,37,44
1574520189000,38,44,39,45,38
1574520191000,46,41,37,43,40
1574520192000,41,43,41,47,44
1574520193000,46,39,40,44,41
1574520195000,41,40,42,40,40
1574520196000,44,46,45,40,45
1574520198000,42,37,43,36,42
1574520199000,40,40,43,44,46
1574520201000,48,41,41,39,41
1574520202000,38,41,42,49,39
1574520203000,46,43,41,43,42
1574520205000,45,43,44,42,41
1574520206000,43,42,45,44,44
1574520208000,40,43,38,41,43
1574520209000,45,41,37,42,43
1574520210000,42,40,43,41,44
1574520212000,43,42,42,45,41
1574520213000,38,44,41,38,41
1574520215000,38,39,46,42,41
1574520216000,43,39,43,41,39
1574520217000,43,42,37,41,40
1574520219000,40,41,41,39,38
1574520220000,38,36,37,39,40
1574520222000,39,42,44,41,42
1574520223000,42,45,39,44,43
1574520225000,44,43,43,46,41
1574520226000,42,42,43,40,47
1574520227000,40,42,42,42,44
1574520229000,40,45,39,44,45
1574520230000,49,43,43,38,40
1574520232000,39,43,45,40,40
1574520233000,42,42,44,38,41
1574520234000,40,42,44,40,45
1574520236000,42,49,43,39,39
1574520237000,46,42,42,47,44
1574520239000,47,42,42,41,39
1574520240000,40,42,46,42,43
1574520241000,44,47,40,43,45
1574520243000,39,43,44,41,37
1574520244000,39,40,42,42,44
1574520246000,42,40,39,42,39
1574520247000,43,42,44,43,36
1574520249000,43,43,44,40,42
1574520250000,43,40,42,39,41
1574520251000,44,42,43,42,45
1574520253000,42,45,42,44,39
1574520254000,42,48,38,40,39
1574520256000,37,48,40,42,44
1574520257000,45,42,39,40,41
1574520258000,41,45,43,42,43
1574520260000,40,45,43,42,40
1574520261000,41,39,42,43,40
1574520263000,42,41,45,39,47
1574520264000,44,43,39,38,40
1574520265000,41,38,38,44,41
1574520267000,41,43,42,41,41
1574520268000,42,35,39,43,45
1574520270000,46,45,41,47,43
1574520271000,39,40,40,38,42
1574520272000,46,42,38,41,44
1574520274000,42,45,41,42,41
1574520275000,42,43,43,43,42
1574520277000,47,50,37,43,47
1574520278000,45,42,37,40,43
1574520280000,42,40,45,42,39
1574520281000,40,42,44,41,44
1574520282000,43,43,40,43,40
1574520284000,42,36,34,42,41
1574520285000,41,45,44,41,46
1574520287000,39,44,40,43,44
1574520288000,44,38,44,44,43
1574520289000,44,37,39,41,42
1574520291000,44,43,38,42,38
1574520292000,44,39,40,45,45
1574520294000,37,44,39,39,41
1574520295000,44,42,43,45,40
1574520296000,45,41,35,36,40
1574520298000,41,46,45,44,36
1574520299000,41,39,43,40,42
1574520301000,45,41,42,45,38
1574520302000,44,39,42,41,41
1574520304000,45,43,38,49,46
1574520305000,44,45,45,44,39
1574520306000,41,43,40,40,39
1574520308000,40,40,44,42,43
1574520309000,38,39,42,42,45
1574520311000,41,42,43,40,43
1574520312000,44,46,44,39,48
1574520313000,46,44,45,42,43
1574520315000,40,42,45,47,41
1574520316000,40,41,40,41,37
1574520318000,45,43,44,44,43
1574520319000,44,49,43,37,41
1574520320000,43,41,42,44,41
1574520322000,44,43,41,38,42
1574520323000,41,48,37,43,42
1574520325000,45,45,41,45,49
1574520326000,43,42,42,43,41
1574520328000,39,38,41,43,47
1574520329000,43,37,43,38,42
1574520330000,37,40,43,38,40
1574520332000,38,44,41,42,40
1574520333000,44,43,43,45,41
1574520335000,41,42,43,43,44
1574520336000,42,40,44,44,42
1574520337000,43,41,38,44,42
1574520339000,43,38,44,48,43
1574520340000,40,42,38,47,40
1574520342000,40,41,51,44,44
1574520343000,43,38,38,39,42
1574520344000,41,42,37,47,40
1574520346000,42,40,37,43,44
1574520347000,40,43,43,44,44
1574520349000,40,46,44,43,41
1574520350000,42,41,42,44,40
1574520352000,41,41,41,39,40
1574520353000,44,39,42,38,43
1574520354000,38,44,42,39,39
1574520356000,40,45,37,44,42
1574520357000,38,46,38,42,43
1574520359000,44,47,44,40,40
1574520360000,40,39,41,37,39
1574520361000,44,42,40,43,39
1574520363000,44,43,43,37,44
1574520364000,46,42,42,38,41
1574520366000,46,42,38,42,39
1574520367000,42,40,38,39,42
1574520368000,47,44,40,40,37
1574520370000,43,41,37,40,41
1574520371000,43,39,49,40,47
1574520373000,44,41,44,43,44
1574520374000,38,43,43,40,41
1574520376000,43,42,44,41,40
1574520377000,43,43,43,42,45
1574520378000,40,40,45,33,42
1574520380000,45,44,47,45,43
1574520381000,44,41,43,38,43
1574520383000,38,41,44,43,44
1574520384000,45,41,42,41,44
1574520385000,44,41,40,47,43
1574520387000,44,41,37,44,44
1574520388000,39,44,35,39,43
1574520390000,41,37,42,42,41
1574520391000,45,48,40,39,41
1574520392000,41,37,44,42,41
1574520394000,38,38,48,45,37
1574520395000,39,45,40,45,42
1574520397000,41,41,40,40,42
1574520398000,44,42,37,40,42
1574520399000,44,39,47,40,41
1574520401000,41,40,43,39,39
1574520402000,43,41,46,40,41
1574520404000,46,39,43,38,47
1574520405000,42,42,42,44,40
1574520407000,41,43,44,43,41
1574520408000,46,42,42,42,38
1574520409000,43,42,39,41,39
1574520411000,40,39,45,41,38
1574520412000,43,40,42,44,42
1574520414000,41,39,39,42,44
1574520415000,43,45,42,34,48
1574520416000,42,42,38,41,42
1574520418000,42,40,42,42,40
1574520419000,49,39,45,46,40
1574520421000,43,49,46,42,47
1574520422000,43,42,39,41,41
1574520423000,39,42,43,46,38
1574520425000,45,43,38,42,38
1574520426000,42,39,37,43,39
1574520428000,39,45,44,43,42
1574520429000,40,44,36,42,39
1574520431000,46,47,44,40,47
1574520432000,47,44,43,44,42
1574520433000,41,40,43,39,42
1574520435000,40,45,43,45,47
1574520436000,37,42,44,43,43
1574520438000,43,44,40,40,43
1574520439000,43,39,43,43,41
1574520440000,45,42,42,42,41
1574520442000,40,43,47,42,43
1574520443000,44,34,38,41,40
1574520445000,46,44,42,44,46
1574520446000,48,41,41,43,43
1574520447000,43,40,42,41,46
1574520449000,41,42,42,39,39
1574520450000,40,36,43,42,44
1574520452000,41,39,39,44,42
1574520453000,38,46,44,43,42
1574520455000,45,42,43,41,47
1574520456000,41,43,38,44,43
1574520457000,45,43,37,42,43
1574520459000,39,38,44,46,38
1574520460000,43,46,41,40,41
1574520462000,42,45,44,41,46
1574520463000,41,42,40,43,40
1574520464000,39,40,39,41,41
1574520466000,44,41,44,41,45
1574520467000,41,46,41,45,38
1574520469000,42,39,40,44,44
1574520470000,42,40,46,42,42
1574520471000,44,42,42,42,39
1574520473000,41,44,46,43,41
1574520474000,39,43,39,39,47
1574520476000,43,41,42,45,40
1574520477000,44,41,41,40,46
1574520478000,39,42,39,42,39
1574520480000,46,44,43,40,44
1574520481000,42,41,38,43,46
1574520483000,40,44,45,44,44
1574520484000,48,38,40,37,42
1574520486000,43,41,46,47,42
1574520487000,37,47,42,39,43
1574520488000,44,47,43,42,40
1574520490000,39,42,41,44,41
1574520491000,44,42,44,40,41
1574520493000,41,42,45,41,38
1574520494000,41,42,41,38,44
1574520495000,45,42,48,41,39
1574520497000,42,47,49,44,41
1574520498000,42,39,42,40,41
1574520500000,45,38,37,44,43
1574520501000,42,46,39,47,43
1574520502000,43,41,44,40,49
1574520504000,40,40,43,45,44
1574520505000,42,43,48,40,42
1574520507000,41,43,39,45,42
1574520508000,40,40,42,42,44
1574520510000,39,41,44,42,43
1574520511000,42,44,43,40,38
1574520512000,40,44,41,44,44
1574520514000,43,39,43,43,43
1574520515000,40,40,47,38,45
1574520517000,42,39,43,44,41
1574520518000,42,40,46,43,39
1574520519000,42,42,42,45,44
1574520521000,43,43,38,41,45
1574520522000,40,36,39,43,38
1574520524000,45,37,40,38,40
1574520525000,38,41,40,43,43
1574520526000,49,44,40,40,41
1574520528000,41,40,43,41,42
1574520529000,39,41,43,42,47
1574520531000,44,40,43,39,37
1574520532000,43,45,43,41,46
1574520534000,39,48,42,36,45
1574520535000,45,41,42,45,42
1574520536000,39,43,42,44,42
1574520538000,40,41,37,37,45
1574520539000,41,39,42,40,40
1574520541000,40,40,40,42,40
1574520542000,37,42,39,39,41
1574520543000,44,41,43,39,43
1574520545000,42,45,42,39,43
1574520546000,44,42,41,36,44
1574520548000,38,43,45,40,46
1574520549000,43,44,46,41,38
1574520550000,43,42,39,42,41
1574520552000,43,42,42,41,41
1574520553000,45,41,40,43,42
1574520555000,39,43,41,38,42
1574520556000,40,44,41,37,45
1574520558000,42,42,40,43,44
1574520559000,41,44,42,44,43
1574520560000,50,41,41,40,37
1574520562000,40,42,40,44,43
1574520563000,40,44,44,41,39
1574520565000,41,40,44,38,46
1574520566000,40,40,42,41,41
1574520567000,41,45,45,42,46
1574520569000,40,45,40,47,40
1574520570000,45,46,44,45,41
1574520572000,41,40,47,41,40
1574520573000,42,44,40,42,40
1574520574000,43,46,40,45,41
1574520576000,42,40,42,40,39
1574520577000,44,45,44,45,45
1574520579000,38,39,40,40,42
1574520580000,43,47,43,41,41
1574520582000,42,40,43,39,43
1574520583000,44,43,42,43,40
1574520584000,42,41,43,42,40
1574520586000,37,46,43,41,40
1574520587000,43,38,39,38,36
1574520589000,41,41,44,44,42
1574520590000,41,38,40,37,40
1574520591000,45,44,45,41,42
1574520593000,39,40,45,43,44
1574520594000,39,43,47,40,43
1574520596000,39,40,40,40,42
1574520597000,41,37,44,42,40
1574520598000,42,39,39,40,43
1574520600000,42,44,40,41,42
1574520601000,40,40,43,42,42
1574520603000,47,44,43,40,37
1574520604000,43,38,43,41,48
1574520605000,43,40,44,39,39
1574520607000,44,46,45,43,43
1574520608000,44,43,47,40,44
1574520610000,45,43,39,45,42
1574520611000,43,43,36,38,43
1574520613000,41,38,43,44,39
1574520614000,40,46,42,44,41
1574520615000,43,43,42,42,42
1574520617000,41,40,44,41,41
1574520618000,41,43,43,42,42
1574520620000,42,41,41,47,47
1574520621000,39,45,47,39,46
1574520622000,43,43,37,43,44
1574520624000,36,37,45,46,46
1574520625000,41,42,40,38,39
1574520627000,44,43,45,47,44
1574520628000,42,46,45,42,39
1574520629000,44,44,44,42,43
1574520631000,38,48,40,39,39
1574520632000,42,42,42,45,40
1574520634000,41,40,50,42,43
1574520635000,44,43,38,42,42
1574520637000,44,42,40,44,45
1574520638000,44,41,41,42,44
1574520639000,45,41,39,38,41
1574520641000,43,47,39,42,45
1574520642000,37,47,39,39,40
1574520644000,37,42,41,35,46
1574520645000,47,47,43,45,41
1574520646000,40,39,38,44,39
1574520648000,43,44,39,48,43
1574520649000,41,41,41,43,42
1574520651000,41,41,43,44,41
1574520652000,43,41,43,44,39
1574520653000,44,40,39,43,42
1574520655000,46,40,43,41,42
1574520656000,37,43,45,45,45
1574520658000,39,43,38,42,44
1574520659000,43,46,43,42,39
1574520661000,45,46,41,41,42
1574520662000,42,43,38,45,41
1574520663000,43,41,45,46,40
1574520665000,40,42,41,43,41
1574520666000,40,44,42,45,46
1574520668000,36,36,42,41,44
1574520669000,44,45,44,40,42
1574520670000,41,44,37,41,43
1574520672000,40,42,40,41,42
1574520673000,45,42,39,39,46
1574520675000,44,43,38,39,45
1574520676000,45,38,43,44,41
1574520677000,43,41,43,39,45
1574520679000,40,46,46,47,42
1574520680000,41,45,42,43,46
1574520682000,44,43,42,44,38
1574520683000,43,42,42,40,43
1574520685000,41,39,38,44,38
1574520686000,43,42,43,40,39
1574520687000,46,42,42,43,42
1574520689000,44,44,40,43,42
1574520690000,40,43,43,40,44
1574520692000,38,41,44,43,46
1574520693000,43,42,42,42,42
1574520694000,40,43,41,39,41
1574520696000,43,45,41,46,41
1574520697000,41,44,46,44,41
1574520699000,44,41,39,41,40
1574520700000,44,43,46,42,45
1574520701000,42,41,38,43,39
1574520703000,40,41,41,39,37
1574520704000,38,40,42,46,42
1574520706000,41,40,45,45,46
1574520707000,41,45,41,42,43
1574520708000,42,43,39,40,41
1574520710000,41,41,44,42,43
1574520711000,44,40,42,46,41
1574520713000,43,41,42,44,42
1574520714000,45,40,40,44,37
1574520716000,40,43,45,37,41
1574520717000,38,45,47,41,38
1574520718000,43,41,39,40,47
1574520720000,43,36,43,46,45
1574520721000,45,40,42,39,39
1574520723000,41,40,48,42,45
1574520724000,41,39,44,40,50
1574520725000,43,39,42,42,46
1574520727000,46,41,41,39,40
1574520728000,41,40,39,42,41
1574520730000,44,45,42,42,43
1574520731000,38,46,42,46,41
1574520732000,42,44,42,38,43
1574520734000,38,45,42,46,41
1574520735000,39,44,43,43,42
1574520737000,44,43,44,44,41
1574520738000,45,40,39,45,41
1574520740000,43,41,42,38,41
1574520741000,48,39,39,43,40
1574520742000,40,40,39,40,44
1574520744000,47,38,45,44,41
1574520745000,41,44,41,39,37
1574520747000,43,38,45,36,40
1574520748000,41,43,45,44,42
1574520749000,42,46,40,39,37
1574520751000,39,41,39,46,41
1574520752000,45,47,39,46,42
1574520754000,44,42,41,41,41
1574520755000,40,39,45,43,41
1574520756000,43,40,43,40,40
1574520758000,40,45,46,44,40
1574520759000,42,44,43,43,44
1574520761000,40,43,40,41,48
1574520762000,42,41,43,45,44
1574520764000,40,38,49,46,44
1574520765000,40,40,44,39,41
1574520766000,42,44,38,41,37
1574520768000,43,43,35,47,39
1574520769000,44,42,43,46,42
1574520771000,46,46,39,41,47
1574520772000,39,42,40,40,37
1574520773000,40,41,49,41,41
1574520775000,44,41,46,41,42
1574520776000,43,41,44,45,45
1574520778000,40,40,39,44,41
1574520779000,43,43,49,43,39
1574520780000,46,44,40,43,40
1574520782000,38,46,43,40,45
1574520783000,43,41,41,38,39
1574520785000,43,43,39,42,41
1574520786000,41,43,43,42,41
1574520788000,45,38,41,42,45
1574520789000,37,44,38,42,46
1574520790000,38,42,44,41,45
1574520792000,39,44,43,40,38
1574520793000,39,38,39,39,43
1574520795000,43,42,40,46,43
1574520796000,40,39,42,40,42
1574520797000,43,42,41,41,39
1574520799000,44,41,45,40,44
1574520800000,43,40,37,43,39
1574520802000,39,42,43,39,45
1574520803000,40,43,40,42,45
1574520804000,42,38,41,44,45
1574520806000,39,39,42,48,45
1574520807000,42,42,44,42,40
1574520809000,41,44,43,42,40
1574520810000,38,44,46,44,45
1574520811000,42,38,41,42,42
1574520813000,44,47,43,43,38
1574520814000,43,38,41,45,40
1574520816000,41,40,41,41,40
1574520817000,45,46,40,40,39
1574520819000,45,45,43,39,43
1574520820000,44,40,41,48,42
1574520821000,44,44,46,45,39
1574520823000,43,44,46,41,44
1574520824000,44,38,48,43,43
1574520826000,45,41,40,39,44
1574520827000,44,39,43,42,48
1574520828000,47,40,41,43,42
1574520830000,38,45,44,42,37
1574520831000,41,45,45,48,43
1574520833000,44,42,44,43,44
1574520834000,43,44,47,49,40
1574520835000,42,44,38,42,42
1574520837000,38,47,39,42,45
1574520838000,40,42,44,43,36
1574520840000,43,43,40,43,41
1574520841000,47,44,40,42,41
1574520843000,41,35,45,39,45
1574520844000,44,46,40,42,42
1574520845000,44,42,41,44,41
1574520847000,38,44,41,41,43
1574520848000,43,43,44,38,46
1574520850000,42,40,41,42,40
1574520851000,36,39,45,42,47
1574520852000,41,45,43,40,41
1574520854000,42,43,41,39,38
1574520855000,41,44,43,40,45
1574520857000,46,42,42,43,42
1574520858000,42,38,43,43,40
1574520859000,42,42,44,45,45
1574520861000,37,36,41,43,40
1574520862000,35,46,40,44,44
1574520864000,42,44,45,44,39
1574520865000,40,43,44,43,43
1574520867000,43,43,41,43,40
1574520868000,43,49,42,45,42
1574520869000,44,48,48,39,44
1574520871000,45,45,41,43,46
1574520872000,43,38,40,39,41
1574520874000,39,38,42,42,38
1574520875000,39,43,42,42,39
1574520876000,44,41,42,48,43
1574520878000,44,38,45,44,42
1574520879000,44,43,46,44,45
1574520881000,35,46,40,40,46
1574520882000,43,40,41,42,45
1574520883000,41,44,37,43,42
1574520885000,44,46,42,44,43
1574520886000,40,44,41,40,44
1574520888000,45,43,41,38,43
1574520889000,41,45,45,44,40
1574520891000,48,45,44,39,39
1574520892000,42,41,39,46,37
1574520895000,43,39,39,41,45
1574520897000,39,46,44,44,43
1574520898000,45,42,44,39,39
1574520900000,46,40,43,40,43
1574520901000,46,43,40,40,36
1574520903000,44,43,45,41,48
1574520904000,44,44,40,43,41
1574520905000,40,45,44,39,37
1574520907000,41,41,46,43,40
1574520908000,40,47,41,41,40
1574520910000,42,42,38,45,45
1574520911000,44,42,39,43,40
1574520912000,45,40,42,35,43
1574520914000,46,40,46,43,35
1574520915000,41,42,49,39,43
1574520917000,39,44,37,45,44
1574520918000,42,39,41,37,42
1574520919000,40,47,40,42,44
1574520921000,43,41,41,42,43
1574520922000,42,41,43,42,43
1574520924000,40,44,40,34,42
1574520925000,37,38,42,45,40
1574520926000,37,40,42,42,44
1574520928000,39,45,44,42,43
1574520929000,43,42,47,39,46
1574520931000,43,43,45,39,41
1574520932000,44,41,37,43,45
1574520934000,43,45,48,46,39
1574520935000,45,36,42,44,44
1574520936000,46,40,42,43,37
1574520938000,48,51,41,36,35
1574520939000,39,39,42,44,44
1574520941000,42,41,43,42,39
1574520942000,44,41,40,45,40
1574520943000,45,45,43,42,40
1574520945000,43,39,42,40,42
1574520946000,45,49,42,42,40
1574520948000,43,40,41,45,44
1574520949000,44,40,42,43,41
1574520950000,41,40,40,43,37
1574520952000,40,48,38,40,36
1574520953000,45,42,42,39,39
1574520955000,42,46,44,40,38
1574520956000,36,43,42,42,41
1574520958000,42,43,40,44,42
1574520959000,43,44,43,39,45
1574520960000,44,44,38,38,43
1574520962000,40,45,45,45,44
1574520963000,42,38,42,40,42
1574520965000,43,40,39,39,41
1574520966000,40,39,43,42,41
1574520967000,41,48,41,39,42
1574520969000,45,44,46,44,41
1574520970000,40,43,41,43,40
1574520972000,44,40,37,40,46
1574520973000,43,39,41,47,41
1574520974000,40,44,38,44,38
1574520976000,42,41,43,47,45
1574520977000,42,41,41,41,39
1574520979000,39,40,44,42,43
1574520980000,44,42,44,39,39
1574520982000,41,41,40,40,41
1574520983000,41,43,48,41,42
1574520984000,37,41,39,38,45
1574520986000,41,46,44,37,41
1574520987000,39,42,44,42,42
1574520989000,38,40,40,42,44
1574520990000,44,45,45,42,44
1574520991000,42,39,42,42,41
1574520993000,39,47,46,39,39
1574520994000,43,40,47,39,39
1574520996000,39,46,44,41,49
1574520997000,44,45,39,38,43
1574520998000,44,42,45,47,40
1574521000000,43,43,48,46,39
1574521001000,44,41,39,43,45
1574521003000,40,40,32,39,41
1574521004000,45,46,47,43,46
1574521005000,44,38,42,40,46
1574521007000,39,40,42,40,43
1574521008000,42,41,42,39,38
1574521010000,49,43,41,40,42
1574521011000,46,39,43,42,41
1574521013000,45,39,40,41,41
1574521014000,42,42,48,41,47
1574521015000,41,49,45,44,46
1574521017000,45,44,42,44,41
1574521018000,45,43,41,41,38
1574521020000,41,43,45,41,37
1574521021000,44,44,44,39,41
1574521022000,41,36,42,43,38
1574521024000,39,44,43,42,43
1574521025000,43,41,48,43,39
1574521027000,43,45,45,38,41
1574521028000,45,42,42,42,40
1574521030000,43,43,44,43,38
1574521031000,47,46,45,48,38
1574521032000,44,41,44,45,43
1574521034000,41,42,41,39,41
1574521035000,44,44,41,43,45
1574521037000,42,45,43,41,43
1574521038000,41,39,47,41,46
1574521039000,43,45,39,46,37
1574521041000,45,44,44,41,43
1574521042000,48,40,43,40,43
1574521044000,40,43,40,45,40
1574521045000,45,39,40,38,39
1574521046000,40,46,44,43,40
1574521048000,45,45,46,44,44
1574521049000,44,44,40,43,40
1574521051000,42,41,43,45,46
1574521052000,40,43,41,43,40
1574521053000,38,37,48,43,45
1574521055000,40,43,44,44,41
1574521056000,46,41,43,41,37
1574521058000,47,45,45,39,40
1574521059000,44,40,38,38,43
1574521061000,47,45,38,44,45
1574521062000,44,46,40,43,40
1574521063000,41,45,37,40,43
1574521065000,42,46,44,45,42
1574521066000,46,46,37,43,42
1574521068000,42,42,40,41,40
1574521069000,42,42,40,43,41
1574521070000,44,48,43,45,45
1574521072000,39,40,38,39,41
1574521073000,43,44,43,39,46
1574521075000,40,40,44,41,39
1574521076000,42,44,44,42,38
1574521077000,43,37,44,47,45
1574521079000,39,43,43,41,39
1574521080000,36,42,40,40,38
1574521082000,42,43,41,42,39
1574521083000,42,39,40,45,42
1574521085000,40,40,45,38,46
1574521086000,40,42,44,43,40
1574521087000,40,44,45,45,41
1574521089000,41,42,42,40,44
1574521090000,39,42,39,41,40
1574521092000,39,41,41,42,46
1574521093000,40,44,43,42,42
1574521094000,42,45,40,46,43
1574521096000,44,40,46,41,40
1574521097000,42,42,40,37,43
1574521099000,38,38,40,40,43
1574521100000,45,40,37,43,44
1574521101000,41,37,44,44,39
1574521103000,43,41,38,38,43
1574521104000,44,43,42,41,42
1574521106000,42,42,41,39,38
1574521107000,45,45,39,46,43
1574521109000,43,45,41,42,38
1574521110000,44,45,44,44,40
1574521111000,40,46,47,44,42
1574521113000,44,43,38,39,40
1574521114000,41,37,42,40,40
1574521116000,48,41,46,41,41
1574521117000,37,44,45,49,41
1574521118000,47,39,38,45,42
1574521120000,39,41,41,43,41
1574521121000,40,39,39,45,42
1574521123000,41,39,38,43,48
1574521124000,42,43,41,44,39
1574521125000,47,42,43,39,42
1574521127000,40,43,41,42,41
1574521128000,40,41,40,40,41
1574521130000,42,40,42,46,45
1574521131000,44,41,40,44,39
1574521132000,42,45,41,44,47
1574521134000,42,40,41,36,44
1574521135000,42,43,44,41,44
1574521137000,38,42,45,42,48
1574521138000,44,41,41,37,38
1574521140000,41,41,42,42,41
1574521141000,43,41,45,44,46
1574521142000,42,42,48,39,38
1574521144000,44,46,44,44,44
1574521145000,40,44,40,43,43
1574521147000,48,44,43,40,43
1574521148000,44,40,39,47,36
1574521149000,41,43,42,42,43
1574521151000,38,45,41,42,39
1574521152000,39,43,40,41,42
1574521154000,42,45,46,42,45
1574521155000,38,41,41,45,40
1574521156000,42,37,43,43,47
1574521158000,43,42,43,38,43
1574521159000,39,37,46,37,40
1574521161000,40,38,45,39,42
1574521162000,41,39,38,43,45
1574521164000,40,42,43,45,39
1574521165000,45,45,43,45,45
1574521166000,37,41,42,46,45
1574521168000,37,39,41,40,44
1574521169000,43,42,42,44,38
1574521171000,41,41,42,45,40
1574521172000,51,42,42,40,43
1574521173000,44,43,42,44,42
1574521175000,43,43,42,43,40
1574521176000,42,45,42,42,43
1574521178000,38,42,41,38,42
1574521179000,38,37,42,41,39
1574521180000,38,43,42,36,38
1574521182000,41,41,40,41,44
1574521183000,43,41,46,40,46
1574521185000,46,40,41,46,41
1574521186000,41,39,42,45,42
1574521188000,41,42,43,44,43
1574521189000,40,42,44,39,48
1574521190000,47,41,42,43,44
1574521192000,44,41,48,39,45
1574521193000,42,39,40,42,42
1574521195000,41,46,42,43,40
1574521196000,44,42,39,41,43
1574521197000,43,43,38,37,39
1574521199000,42,44,44,43,42
1574521200000,44,46,42,44,44
1574521202000,42,47,40,48,39
1574521203000,39,40,41,45,41
1574521204000,44,46,38,43,39
1574521206000,38,44,46,44,41
1574521207000,44,48,40,41,42
1574521209000,41,41,39,40,41
1574521210000,41,41,42,42,43
1574521212000,39,42,41,44,44
1574521213000,39,44,38,44,44
1574521214000,45,39,39,43,50
1574521216000,49,45,40,41,40
1574521217000,45,41,41,41,47
1574521219000,41,45,37,42,42
1574521220000,42,43,46,41,40
1574521221000,42,44,42,43,43
1574521223000,40,42,43,43,44
1574521224000,42,45,44,38,42
1574521226000,42,41,40,43,39
1574521227000,43,44,43,39,38
1574521228000,37,41,41,41,47
1574521230000,41,43,43,42,43
1574521231000,44,42,46,50,41
1574521233000,42,44,40,41,42
1574521234000,43,40,42,43,38
1574521235000,45,40,45,40,46
1574521237000,42,40,40,42,40
1574521238000,47,42,43,41,39
1574521240000,43,44,45,42,41
1574521241000,45,42,40,44,41
1574521243000,44,37,39,43,45
1574521244000,35,40,38,40,42
1574521245000,39,46,41,42,41
1574521247000,43,45,40,40,40
1574521248000,41,42,39,43,40
1574521250000,40,44,39,39,42
1574521251000,43,44,44,45,41
1574521252000,41,39,43,45,41
1574521254000,43,44,44,40,43
1574521255000,45,43,42,41,42
1574521257000,40,44,41,40,45
1574521258000,43,41,44,44,41
1574521259000,41,42,44,41,40
1574521261000,46,43,43,41,43
1574521262000,46,42,46,42,41
1574521264000,38,41,44,39,42
1574521265000,41,44,43,43,41
1574521267000,39,38,46,46,43
1574521268000,45,48,42,39,44
1574521269000,39,40,41,41,45
1574521271000,44,43,43,36,43
1574521272000,37,45,45,42,39
1574521274000,45,44,44,44,42
1574521275000,37,42,42,44,37
1574521276000,51,41,42,42,39
1574521278000,40,43,40,43,39
1574521279000,39,45,42,42,44
1574521281000,41,40,40,41,47
1574521282000,41,44,40,45,40
1574521283000,43,44,40,43,43
1574521285000,43,43,47,44,40
1574521286000,40,42,45,39,37
1574521288000,37,42,41,42,41
1574521289000,43,41,37,40,43
1574521291000,42,43,45,43,41
1574521292000,43,41,41,44,42
1574521293000,46,42,46,42,39
1574521295000,43,36,46,45,47
1574521296000,41,44,40,44,42
1574521298000,46,44,45,40,47
1574521299000,43,43,46,37,43
1574521300000,41,42,45,42,44
1574521302000,40,39,43,41,39
1574521303000,39,45,46,41,39
1574521305000,49,46,40,47,38
1574521306000,42,44,40,39,44
1574521307000,37,38,44,40,42
1574521309000,41,40,42,41,39
1574521310000,39,41,42,44,36
1574521312000,40,45,41,43,41
1574521313000,42,45,43,37,42
1574521315000,41,45,43,38,38
1574521316000,45,39,41,40,45
1574521317000,42,42,42,37,39
1574521319000,43,45,43,41,44
1574521320000,43,41,37,45,43
1574521322000,47,42,41,44,42
1574521323000,42,41,40,42,43
1574521324000,41,45,38,41,43
1574521326000,48,43,39,46,45
1574521327000,39,42,44,39,41
1574521329000,45,41,39,45,39
1574521330000,49,40,41,41,46
